{"level":"info","time":"2025-08-10T06:20:59.523Z","hostname":"PKKHICS01L5128","context":"userService","message":"HTTPS server started on "}
{"level":"info","time":"2025-08-10T06:20:59.524Z","hostname":"PKKHICS01L5128","context":"userService","message":"HTTPS server started on "}
{"level":"info","time":"2025-08-10T07:02:01.804Z","hostname":"PKKHICS01L5128","context":"userService","message":"HTTPS server started on "}
{"level":"info","time":"2025-08-10T07:02:01.804Z","hostname":"PKKHICS01L5128","context":"userService","message":"HTTPS server started on "}
{"level":"info","time":"2025-08-10T07:22:20.866Z","hostname":"PKKHICS01L5128","context":"userService","message":"HTTPS server started on "}
{"level":"info","time":"2025-08-10T07:22:20.867Z","hostname":"PKKHICS01L5128","context":"userService","message":"HTTPS server started on "}
{"level":"info","time":"2025-08-10T07:22:26.137Z","hostname":"PKKHICS01L5128","context":"userService","message":"HTTPS server started on "}
{"level":"info","time":"2025-08-10T07:22:26.137Z","hostname":"PKKHICS01L5128","context":"userService","message":"HTTPS server started on "}
{"level":"info","time":"2025-08-10T07:36:41.158Z","hostname":"PKKHICS01L5128","context":"userService","message":"HTTPS server started on "}
{"level":"info","time":"2025-08-10T07:36:41.159Z","hostname":"PKKHICS01L5128","context":"userService","message":"HTTPS server started on "}
{"level":"info","time":"2025-08-10T08:42:01.140Z","hostname":"PKKHICS01L5128","context":"userService","message":"HTTPS server started on "}
{"level":"info","time":"2025-08-10T08:42:01.142Z","hostname":"PKKHICS01L5128","context":"userService","message":"HTTPS server started on "}
{"level":"info","time":"2025-08-10T08:42:07.526Z","hostname":"PKKHICS01L5128","context":"userService","message":"HTTPS server started on "}
{"level":"info","time":"2025-08-10T08:42:07.529Z","hostname":"PKKHICS01L5128","context":"userService","message":"HTTPS server started on "}
{"level":"info","time":"2025-08-10T08:42:59.657Z","hostname":"PKKHICS01L5128","context":"userService","message":"HTTPS server started on "}
{"level":"info","time":"2025-08-10T08:42:59.658Z","hostname":"PKKHICS01L5128","context":"userService","message":"HTTPS server started on "}
{"level":"error","time":"2025-08-10T08:42:59.664Z","hostname":"PKKHICS01L5128","context":"userService","message":"Error: querySrv ECONNREFUSED _mongodb._tcp.cluster0.1wehduf.mongodb.net\n    at QueryReqWrap.onresolve [as oncomplete] (node:internal/dns/promises:294:17)"}
{"level":"info","time":"2025-08-10T08:44:39.303Z","hostname":"PKKHICS01L5128","context":"userService","message":"HTTPS server started on "}
{"level":"info","time":"2025-08-10T08:44:39.304Z","hostname":"PKKHICS01L5128","context":"userService","message":"HTTPS server started on "}
{"level":"info","time":"2025-08-10T08:47:59.591Z","hostname":"PKKHICS01L5128","context":"userService","message":"HTTPS server started on "}
{"level":"info","time":"2025-08-10T08:47:59.594Z","hostname":"PKKHICS01L5128","context":"userService","message":"HTTPS server started on "}
{"level":"info","time":"2025-08-10T08:48:07.469Z","hostname":"PKKHICS01L5128","context":"userService","message":"HTTPS server started on "}
{"level":"info","time":"2025-08-10T08:48:07.472Z","hostname":"PKKHICS01L5128","context":"userService","message":"HTTPS server started on "}
{"level":"info","time":"2025-08-10T08:48:11.209Z","hostname":"PKKHICS01L5128","context":"userService","message":"HTTPS server started on "}
{"level":"info","time":"2025-08-10T08:48:11.211Z","hostname":"PKKHICS01L5128","context":"userService","message":"HTTPS server started on "}
{"level":"info","time":"2025-08-10T08:48:37.509Z","hostname":"PKKHICS01L5128","context":"userService","message":"HTTPS server started on "}
{"level":"info","time":"2025-08-10T08:48:37.512Z","hostname":"PKKHICS01L5128","context":"userService","message":"HTTPS server started on "}
{"level":"info","time":"2025-08-10T08:50:30.641Z","hostname":"PKKHICS01L5128","context":"userService","message":"HTTPS server started on "}
{"level":"info","time":"2025-08-10T08:50:30.643Z","hostname":"PKKHICS01L5128","context":"userService","message":"HTTPS server started on "}
{"level":"info","time":"2025-08-10T08:50:43.965Z","hostname":"PKKHICS01L5128","context":"userService","message":"HTTPS server started on "}
{"level":"info","time":"2025-08-10T08:50:43.966Z","hostname":"PKKHICS01L5128","context":"userService","message":"HTTPS server started on "}
{"level":"info","time":"2025-08-10T08:50:50.694Z","hostname":"PKKHICS01L5128","context":"userService","message":"HTTPS server started on "}
{"level":"info","time":"2025-08-10T08:50:50.695Z","hostname":"PKKHICS01L5128","context":"userService","message":"HTTPS server started on "}
{"level":"info","time":"2025-08-10T08:51:03.831Z","hostname":"PKKHICS01L5128","context":"userService","message":"HTTPS server started on "}
{"level":"info","time":"2025-08-10T08:51:03.833Z","hostname":"PKKHICS01L5128","context":"userService","message":"HTTPS server started on "}
{"level":"info","time":"2025-08-10T08:51:45.795Z","hostname":"PKKHICS01L5128","context":"userService","message":"HTTPS server started on "}
{"level":"info","time":"2025-08-10T08:51:45.796Z","hostname":"PKKHICS01L5128","context":"userService","message":"HTTPS server started on "}
{"level":"info","time":"2025-08-10T09:22:35.105Z","hostname":"PKKHICS01L5128","context":"userService","message":"HTTPS server started on "}
{"level":"info","time":"2025-08-10T09:22:35.106Z","hostname":"PKKHICS01L5128","context":"userService","message":"HTTPS server started on "}
{"level":"error","time":"2025-08-10T09:23:21.402Z","hostname":"PKKHICS01L5128","context":"userService","message":"Error: queryTxt ETIMEOUT cluster0.1wehduf.mongodb.net\n    at QueryReqWrap.onresolve [as oncomplete] (node:internal/dns/promises:294:17)"}
{"level":"info","time":"2025-08-10T09:46:41.596Z","hostname":"PKKHICS01L5128","context":"userService","message":"HTTPS server started on "}
{"level":"info","time":"2025-08-10T09:46:41.596Z","hostname":"PKKHICS01L5128","context":"userService","message":"HTTPS server started on "}
{"level":"info","time":"2025-08-10T09:55:36.286Z","hostname":"PKKHICS01L5128","context":"userService","message":"HTTPS server started on "}
{"level":"info","time":"2025-08-10T09:55:36.286Z","hostname":"PKKHICS01L5128","context":"userService","message":"HTTPS server started on "}
{"level":"info","time":"2025-08-10T09:55:39.210Z","hostname":"PKKHICS01L5128","context":"userService","message":"HTTPS server started on "}
{"level":"info","time":"2025-08-10T09:55:39.211Z","hostname":"PKKHICS01L5128","context":"userService","message":"HTTPS server started on "}
{"level":"info","time":"2025-08-10T09:55:43.400Z","hostname":"PKKHICS01L5128","context":"userService","message":"HTTPS server started on "}
{"level":"info","time":"2025-08-10T09:55:43.401Z","hostname":"PKKHICS01L5128","context":"userService","message":"HTTPS server started on "}
{"level":"info","time":"2025-08-10T09:55:47.812Z","hostname":"PKKHICS01L5128","context":"userService","message":"HTTPS server started on "}
{"level":"info","time":"2025-08-10T09:55:47.813Z","hostname":"PKKHICS01L5128","context":"userService","message":"HTTPS server started on "}
{"level":"info","time":"2025-08-10T09:55:54.646Z","hostname":"PKKHICS01L5128","context":"userService","message":"HTTPS server started on "}
{"level":"info","time":"2025-08-10T09:55:54.646Z","hostname":"PKKHICS01L5128","context":"userService","message":"HTTPS server started on "}
{"level":"info","time":"2025-08-10T09:55:59.494Z","hostname":"PKKHICS01L5128","context":"userService","message":"HTTPS server started on "}
{"level":"info","time":"2025-08-10T09:55:59.495Z","hostname":"PKKHICS01L5128","context":"userService","message":"HTTPS server started on "}
{"level":"info","time":"2025-08-10T09:56:40.797Z","hostname":"PKKHICS01L5128","context":"userService","message":"HTTPS server started on "}
{"level":"info","time":"2025-08-10T09:56:40.798Z","hostname":"PKKHICS01L5128","context":"userService","message":"HTTPS server started on "}
{"level":"info","time":"2025-08-10T09:56:44.271Z","hostname":"PKKHICS01L5128","context":"userService","message":"HTTPS server started on "}
{"level":"info","time":"2025-08-10T09:56:44.272Z","hostname":"PKKHICS01L5128","context":"userService","message":"HTTPS server started on "}
{"level":"info","time":"2025-08-10T09:56:48.712Z","hostname":"PKKHICS01L5128","context":"userService","message":"HTTPS server started on "}
{"level":"info","time":"2025-08-10T09:56:48.713Z","hostname":"PKKHICS01L5128","context":"userService","message":"HTTPS server started on "}
{"level":"info","time":"2025-08-10T09:57:05.626Z","hostname":"PKKHICS01L5128","context":"userService","message":"HTTPS server started on "}
{"level":"info","time":"2025-08-10T09:57:05.627Z","hostname":"PKKHICS01L5128","context":"userService","message":"HTTPS server started on "}
{"level":"info","time":"2025-08-10T09:57:09.901Z","hostname":"PKKHICS01L5128","context":"userService","message":"HTTPS server started on "}
{"level":"info","time":"2025-08-10T09:57:09.902Z","hostname":"PKKHICS01L5128","context":"userService","message":"HTTPS server started on "}
{"level":"info","time":"2025-08-10T09:57:14.774Z","hostname":"PKKHICS01L5128","context":"userService","message":"HTTPS server started on "}
{"level":"info","time":"2025-08-10T09:57:14.774Z","hostname":"PKKHICS01L5128","context":"userService","message":"HTTPS server started on "}
{"level":"info","time":"2025-08-10T09:57:23.391Z","hostname":"PKKHICS01L5128","context":"userService","message":"HTTPS server started on "}
{"level":"info","time":"2025-08-10T09:57:23.392Z","hostname":"PKKHICS01L5128","context":"userService","message":"HTTPS server started on "}
{"level":"info","time":"2025-08-10T09:59:49.337Z","hostname":"PKKHICS01L5128","context":"userService","message":"HTTPS server started on "}
{"level":"info","time":"2025-08-10T09:59:49.338Z","hostname":"PKKHICS01L5128","context":"userService","message":"HTTPS server started on "}
{"level":"info","time":"2025-08-10T09:59:55.857Z","hostname":"PKKHICS01L5128","context":"userService","message":"HTTPS server started on "}
{"level":"info","time":"2025-08-10T09:59:55.857Z","hostname":"PKKHICS01L5128","context":"userService","message":"HTTPS server started on "}
{"level":"info","time":"2025-08-10T09:59:58.391Z","hostname":"PKKHICS01L5128","context":"userService","message":"HTTPS server started on "}
{"level":"info","time":"2025-08-10T09:59:58.392Z","hostname":"PKKHICS01L5128","context":"userService","message":"HTTPS server started on "}
{"level":"info","time":"2025-08-10T10:00:05.575Z","hostname":"PKKHICS01L5128","context":"userService","message":"HTTPS server started on "}
{"level":"info","time":"2025-08-10T10:00:05.576Z","hostname":"PKKHICS01L5128","context":"userService","message":"HTTPS server started on "}
{"level":"info","time":"2025-08-10T10:00:12.204Z","hostname":"PKKHICS01L5128","context":"userService","message":"HTTPS server started on "}
{"level":"info","time":"2025-08-10T10:00:12.205Z","hostname":"PKKHICS01L5128","context":"userService","message":"HTTPS server started on "}
{"level":"info","time":"2025-08-10T10:00:16.978Z","hostname":"PKKHICS01L5128","context":"userService","message":"HTTPS server started on "}
{"level":"info","time":"2025-08-10T10:00:16.978Z","hostname":"PKKHICS01L5128","context":"userService","message":"HTTPS server started on "}
{"level":"info","time":"2025-08-10T10:01:22.953Z","hostname":"PKKHICS01L5128","context":"userService","message":"HTTPS server started on "}
{"level":"info","time":"2025-08-10T10:01:22.953Z","hostname":"PKKHICS01L5128","context":"userService","message":"HTTPS server started on "}
{"level":"info","time":"2025-08-10T10:01:29.068Z","hostname":"PKKHICS01L5128","context":"userService","message":"HTTPS server started on "}
{"level":"info","time":"2025-08-10T10:01:29.069Z","hostname":"PKKHICS01L5128","context":"userService","message":"HTTPS server started on "}
{"level":"info","time":"2025-08-10T10:01:37.398Z","hostname":"PKKHICS01L5128","context":"userService","message":"HTTPS server started on "}
{"level":"info","time":"2025-08-10T10:01:37.399Z","hostname":"PKKHICS01L5128","context":"userService","message":"HTTPS server started on "}
{"level":"info","time":"2025-08-10T10:01:43.785Z","hostname":"PKKHICS01L5128","context":"userService","message":"HTTPS server started on "}
{"level":"info","time":"2025-08-10T10:01:43.786Z","hostname":"PKKHICS01L5128","context":"userService","message":"HTTPS server started on "}
{"level":"info","time":"2025-08-10T10:01:48.285Z","hostname":"PKKHICS01L5128","context":"userService","message":"HTTPS server started on "}
{"level":"info","time":"2025-08-10T10:01:48.286Z","hostname":"PKKHICS01L5128","context":"userService","message":"HTTPS server started on "}
{"level":"info","time":"2025-08-10T10:02:00.356Z","hostname":"PKKHICS01L5128","context":"userService","message":"HTTPS server started on "}
{"level":"info","time":"2025-08-10T10:02:00.356Z","hostname":"PKKHICS01L5128","context":"userService","message":"HTTPS server started on "}
{"level":"info","time":"2025-08-10T10:09:33.293Z","hostname":"PKKHICS01L5128","context":"userService","message":"HTTPS server started on "}
{"level":"info","time":"2025-08-10T10:09:33.294Z","hostname":"PKKHICS01L5128","context":"userService","message":"HTTPS server started on "}
{"level":"info","time":"2025-08-10T10:10:15.871Z","hostname":"PKKHICS01L5128","context":"userService","message":"HTTPS server started on "}
{"level":"info","time":"2025-08-10T10:10:15.872Z","hostname":"PKKHICS01L5128","context":"userService","message":"HTTPS server started on "}
{"level":"info","time":"2025-08-10T10:10:23.732Z","hostname":"PKKHICS01L5128","context":"userService","message":"HTTPS server started on "}
{"level":"info","time":"2025-08-10T10:10:23.732Z","hostname":"PKKHICS01L5128","context":"userService","message":"HTTPS server started on "}
{"level":"info","time":"2025-08-10T10:10:33.980Z","hostname":"PKKHICS01L5128","context":"userService","message":"HTTPS server started on "}
{"level":"info","time":"2025-08-10T10:10:33.981Z","hostname":"PKKHICS01L5128","context":"userService","message":"HTTPS server started on "}
{"level":"info","time":"2025-08-10T10:26:35.933Z","hostname":"PKKHICS01L5128","context":"userService","message":"HTTPS server started on "}
{"level":"info","time":"2025-08-10T10:26:35.934Z","hostname":"PKKHICS01L5128","context":"userService","message":"HTTPS server started on "}
{"level":"info","time":"2025-08-10T10:26:42.646Z","hostname":"PKKHICS01L5128","context":"userService","message":"HTTPS server started on "}
{"level":"info","time":"2025-08-10T10:26:42.647Z","hostname":"PKKHICS01L5128","context":"userService","message":"HTTPS server started on "}
{"level":"info","time":"2025-08-10T10:26:46.352Z","hostname":"PKKHICS01L5128","context":"userService","message":"HTTPS server started on "}
{"level":"info","time":"2025-08-10T10:26:46.352Z","hostname":"PKKHICS01L5128","context":"userService","message":"HTTPS server started on "}
{"level":"info","time":"2025-08-10T10:26:51.544Z","hostname":"PKKHICS01L5128","context":"userService","message":"HTTPS server started on "}
{"level":"info","time":"2025-08-10T10:26:51.544Z","hostname":"PKKHICS01L5128","context":"userService","message":"HTTPS server started on "}
{"level":"info","time":"2025-08-10T10:26:58.538Z","hostname":"PKKHICS01L5128","context":"userService","message":"HTTPS server started on "}
{"level":"info","time":"2025-08-10T10:26:58.538Z","hostname":"PKKHICS01L5128","context":"userService","message":"HTTPS server started on "}
{"level":"info","time":"2025-08-10T10:27:15.688Z","hostname":"PKKHICS01L5128","context":"userService","message":"HTTPS server started on "}
{"level":"info","time":"2025-08-10T10:27:15.688Z","hostname":"PKKHICS01L5128","context":"userService","message":"HTTPS server started on "}
{"level":"info","time":"2025-08-10T10:27:22.787Z","hostname":"PKKHICS01L5128","context":"userService","message":"HTTPS server started on "}
{"level":"info","time":"2025-08-10T10:27:22.788Z","hostname":"PKKHICS01L5128","context":"userService","message":"HTTPS server started on "}
{"level":"info","time":"2025-08-10T10:47:04.264Z","hostname":"PKKHICS01L5128","context":"userService","message":"HTTPS server started on "}
{"level":"info","time":"2025-08-10T10:47:04.265Z","hostname":"PKKHICS01L5128","context":"userService","message":"HTTPS server started on "}
{"level":"info","time":"2025-08-10T10:47:41.395Z","hostname":"PKKHICS01L5128","context":"userService","message":"HTTPS server started on "}
{"level":"info","time":"2025-08-10T10:47:41.396Z","hostname":"PKKHICS01L5128","context":"userService","message":"HTTPS server started on "}
{"level":"info","time":"2025-08-10T10:48:02.710Z","hostname":"PKKHICS01L5128","context":"userService","message":"HTTPS server started on "}
{"level":"info","time":"2025-08-10T10:48:02.710Z","hostname":"PKKHICS01L5128","context":"userService","message":"HTTPS server started on "}
{"level":"info","time":"2025-08-10T10:48:08.179Z","hostname":"PKKHICS01L5128","context":"userService","message":"HTTPS server started on "}
{"level":"info","time":"2025-08-10T10:48:08.180Z","hostname":"PKKHICS01L5128","context":"userService","message":"HTTPS server started on "}
{"level":"info","time":"2025-08-10T10:48:20.009Z","hostname":"PKKHICS01L5128","context":"userService","message":"HTTPS server started on "}
{"level":"info","time":"2025-08-10T10:48:20.010Z","hostname":"PKKHICS01L5128","context":"userService","message":"HTTPS server started on "}
{"level":"info","time":"2025-08-10T10:48:25.565Z","hostname":"PKKHICS01L5128","context":"userService","message":"HTTPS server started on "}
{"level":"info","time":"2025-08-10T10:48:25.566Z","hostname":"PKKHICS01L5128","context":"userService","message":"HTTPS server started on "}
{"level":"info","time":"2025-08-10T10:48:31.446Z","hostname":"PKKHICS01L5128","context":"userService","message":"HTTPS server started on "}
{"level":"info","time":"2025-08-10T10:48:31.446Z","hostname":"PKKHICS01L5128","context":"userService","message":"HTTPS server started on "}
{"level":"info","time":"2025-08-10T10:50:14.104Z","hostname":"PKKHICS01L5128","context":"userService","message":"HTTPS server started on "}
{"level":"info","time":"2025-08-10T10:50:14.105Z","hostname":"PKKHICS01L5128","context":"userService","message":"HTTPS server started on "}
{"level":"info","time":"2025-08-10T10:50:19.347Z","hostname":"PKKHICS01L5128","context":"userService","message":"HTTPS server started on "}
{"level":"info","time":"2025-08-10T10:50:19.348Z","hostname":"PKKHICS01L5128","context":"userService","message":"HTTPS server started on "}
{"level":"info","time":"2025-08-10T10:50:24.937Z","hostname":"PKKHICS01L5128","context":"userService","message":"HTTPS server started on "}
{"level":"info","time":"2025-08-10T10:50:24.938Z","hostname":"PKKHICS01L5128","context":"userService","message":"HTTPS server started on "}
{"level":"info","time":"2025-08-10T10:50:33.814Z","hostname":"PKKHICS01L5128","context":"userService","message":"HTTPS server started on "}
{"level":"info","time":"2025-08-10T10:50:33.815Z","hostname":"PKKHICS01L5128","context":"userService","message":"HTTPS server started on "}
{"level":"info","time":"2025-08-10T10:50:39.025Z","hostname":"PKKHICS01L5128","context":"userService","message":"HTTPS server started on "}
{"level":"info","time":"2025-08-10T10:50:39.026Z","hostname":"PKKHICS01L5128","context":"userService","message":"HTTPS server started on "}
{"level":"info","time":"2025-08-10T10:50:45.036Z","hostname":"PKKHICS01L5128","context":"userService","message":"HTTPS server started on "}
{"level":"info","time":"2025-08-10T10:50:45.037Z","hostname":"PKKHICS01L5128","context":"userService","message":"HTTPS server started on "}
{"level":"info","time":"2025-08-10T10:51:00.645Z","hostname":"PKKHICS01L5128","context":"userService","message":"HTTPS server started on "}
{"level":"info","time":"2025-08-10T10:51:00.646Z","hostname":"PKKHICS01L5128","context":"userService","message":"HTTPS server started on "}
{"level":"info","time":"2025-08-10T10:51:05.998Z","hostname":"PKKHICS01L5128","context":"userService","message":"HTTPS server started on "}
{"level":"info","time":"2025-08-10T10:51:05.998Z","hostname":"PKKHICS01L5128","context":"userService","message":"HTTPS server started on "}
{"level":"info","time":"2025-08-10T10:52:13.835Z","hostname":"PKKHICS01L5128","context":"userService","message":"HTTPS server started on "}
{"level":"info","time":"2025-08-10T10:52:13.835Z","hostname":"PKKHICS01L5128","context":"userService","message":"HTTPS server started on "}
{"level":"info","time":"2025-08-10T10:52:27.292Z","hostname":"PKKHICS01L5128","context":"userService","message":"HTTPS server started on "}
{"level":"info","time":"2025-08-10T10:52:27.292Z","hostname":"PKKHICS01L5128","context":"userService","message":"HTTPS server started on "}
{"level":"info","time":"2025-08-10T10:52:29.498Z","hostname":"PKKHICS01L5128","context":"userService","message":"HTTPS server started on "}
{"level":"info","time":"2025-08-10T10:52:29.498Z","hostname":"PKKHICS01L5128","context":"userService","message":"HTTPS server started on "}
{"level":"info","time":"2025-08-10T10:52:34.548Z","hostname":"PKKHICS01L5128","context":"userService","message":"HTTPS server started on "}
{"level":"info","time":"2025-08-10T10:52:34.548Z","hostname":"PKKHICS01L5128","context":"userService","message":"HTTPS server started on "}
{"level":"info","time":"2025-08-10T10:52:39.219Z","hostname":"PKKHICS01L5128","context":"userService","message":"HTTPS server started on "}
{"level":"info","time":"2025-08-10T10:52:39.220Z","hostname":"PKKHICS01L5128","context":"userService","message":"HTTPS server started on "}
{"level":"info","time":"2025-08-10T10:52:59.490Z","hostname":"PKKHICS01L5128","context":"userService","message":"HTTPS server started on "}
{"level":"info","time":"2025-08-10T10:52:59.491Z","hostname":"PKKHICS01L5128","context":"userService","message":"HTTPS server started on "}
{"level":"info","time":"2025-08-10T10:58:26.393Z","hostname":"PKKHICS01L5128","context":"userService","message":"HTTPS server started on "}
{"level":"info","time":"2025-08-10T10:58:26.393Z","hostname":"PKKHICS01L5128","context":"userService","message":"HTTPS server started on "}
{"level":"info","time":"2025-08-10T10:58:45.487Z","hostname":"PKKHICS01L5128","context":"userService","message":"HTTPS server started on "}
{"level":"info","time":"2025-08-10T10:58:45.489Z","hostname":"PKKHICS01L5128","context":"userService","message":"HTTPS server started on "}
{"level":"info","time":"2025-08-10T10:58:53.065Z","hostname":"PKKHICS01L5128","context":"userService","message":"HTTPS server started on "}
{"level":"info","time":"2025-08-10T10:58:53.066Z","hostname":"PKKHICS01L5128","context":"userService","message":"HTTPS server started on "}
{"level":"info","time":"2025-08-10T10:59:00.625Z","hostname":"PKKHICS01L5128","context":"userService","message":"HTTPS server started on "}
{"level":"info","time":"2025-08-10T10:59:00.626Z","hostname":"PKKHICS01L5128","context":"userService","message":"HTTPS server started on "}
{"level":"info","time":"2025-08-10T10:59:07.930Z","hostname":"PKKHICS01L5128","context":"userService","message":"HTTPS server started on "}
{"level":"info","time":"2025-08-10T10:59:07.932Z","hostname":"PKKHICS01L5128","context":"userService","message":"HTTPS server started on "}
{"level":"info","time":"2025-08-10T11:55:13.567Z","hostname":"PKKHICS01L5128","context":"userService","message":"HTTPS server started on "}
{"level":"info","time":"2025-08-10T11:55:13.568Z","hostname":"PKKHICS01L5128","context":"userService","message":"HTTPS server started on "}
{"level":"error","time":"2025-08-10T11:56:08.289Z","hostname":"PKKHICS01L5128","context":"userService","message":"MongoNetworkTimeoutError: connection 1 to 159.41.242.72:27017 timed out\n    at Timeout._onTimeout (D:\\owais\\New folder\\node_modules\\mongodb\\lib\\cmap\\connection.js:118:26)\n    at listOnTimeout (node:internal/timers:608:17)\n    at process.processTimers (node:internal/timers:543:7)"}
{"level":"info","time":"2025-08-10T12:00:13.542Z","hostname":"PKKHICS01L5128","context":"userService","message":"HTTPS server started on "}
{"level":"info","time":"2025-08-10T12:00:13.543Z","hostname":"PKKHICS01L5128","context":"userService","message":"HTTPS server started on "}
{"level":"info","time":"2025-08-10T12:22:42.740Z","hostname":"PKKHICS01L5128","context":"userService","message":"HTTPS server started on "}
{"level":"info","time":"2025-08-10T12:22:42.743Z","hostname":"PKKHICS01L5128","context":"userService","message":"HTTPS server started on "}
{"level":"info","time":"2025-08-10T12:22:59.531Z","hostname":"PKKHICS01L5128","context":"userService","message":"HTTPS server started on "}
{"level":"info","time":"2025-08-10T12:22:59.534Z","hostname":"PKKHICS01L5128","context":"userService","message":"HTTPS server started on "}
{"level":"info","time":"2025-08-10T12:23:17.530Z","hostname":"PKKHICS01L5128","context":"userService","message":"HTTPS server started on "}
{"level":"info","time":"2025-08-10T12:23:17.533Z","hostname":"PKKHICS01L5128","context":"userService","message":"HTTPS server started on "}
{"level":"info","time":"2025-08-10T12:23:56.195Z","hostname":"PKKHICS01L5128","context":"userService","message":"HTTPS server started on "}
{"level":"info","time":"2025-08-10T12:23:56.197Z","hostname":"PKKHICS01L5128","context":"userService","message":"HTTPS server started on "}
{"level":"info","time":"2025-08-10T12:26:41.450Z","hostname":"PKKHICS01L5128","context":"userService","message":"HTTPS server started on "}
{"level":"info","time":"2025-08-10T12:26:41.451Z","hostname":"PKKHICS01L5128","context":"userService","message":"HTTPS server started on "}
{"level":"info","time":"2025-08-10T12:58:23.204Z","hostname":"PKKHICS01L5128","context":"userService","message":"HTTPS server started on "}
{"level":"info","time":"2025-08-10T12:58:23.211Z","hostname":"PKKHICS01L5128","context":"userService","message":"HTTPS server started on "}
{"level":"info","time":"2025-08-10T12:58:29.371Z","hostname":"PKKHICS01L5128","context":"userService","message":"HTTPS server started on "}
{"level":"info","time":"2025-08-10T12:58:29.374Z","hostname":"PKKHICS01L5128","context":"userService","message":"HTTPS server started on "}
{"level":"info","time":"2025-08-10T13:35:54.811Z","hostname":"PKKHICS01L5128","context":"userService","message":"HTTPS server started on "}
{"level":"info","time":"2025-08-10T13:35:54.811Z","hostname":"PKKHICS01L5128","context":"userService","message":"HTTPS server started on "}
{"level":"info","time":"2025-08-10T13:36:06.914Z","hostname":"PKKHICS01L5128","context":"userService","message":"HTTPS server started on "}
{"level":"info","time":"2025-08-10T13:36:06.915Z","hostname":"PKKHICS01L5128","context":"userService","message":"HTTPS server started on "}
{"level":"info","time":"2025-08-10T14:27:01.487Z","hostname":"PKKHICS01L5128","context":"userService","message":"HTTPS server started on "}
{"level":"info","time":"2025-08-10T14:27:01.488Z","hostname":"PKKHICS01L5128","context":"userService","message":"HTTPS server started on "}
{"level":"info","time":"2025-08-10T14:27:13.130Z","hostname":"PKKHICS01L5128","context":"userService","message":"HTTPS server started on "}
{"level":"info","time":"2025-08-10T14:27:13.131Z","hostname":"PKKHICS01L5128","context":"userService","message":"HTTPS server started on "}
{"level":"info","time":"2025-08-10T14:27:17.766Z","hostname":"PKKHICS01L5128","context":"userService","message":"HTTPS server started on "}
{"level":"info","time":"2025-08-10T14:27:17.767Z","hostname":"PKKHICS01L5128","context":"userService","message":"HTTPS server started on "}
{"level":"info","time":"2025-08-10T14:30:08.512Z","hostname":"PKKHICS01L5128","context":"userService","message":"HTTPS server started on "}
{"level":"info","time":"2025-08-10T14:30:08.513Z","hostname":"PKKHICS01L5128","context":"userService","message":"HTTPS server started on "}
{"level":"info","time":"2025-08-10T14:32:23.089Z","hostname":"PKKHICS01L5128","context":"userService","message":"HTTPS server started on "}
{"level":"info","time":"2025-08-10T14:32:23.090Z","hostname":"PKKHICS01L5128","context":"userService","message":"HTTPS server started on "}
{"level":"info","time":"2025-08-10T14:32:53.775Z","hostname":"PKKHICS01L5128","context":"userService","message":"HTTPS server started on "}
{"level":"info","time":"2025-08-10T14:32:53.776Z","hostname":"PKKHICS01L5128","context":"userService","message":"HTTPS server started on "}
{"level":"info","time":"2025-08-10T14:32:58.366Z","hostname":"PKKHICS01L5128","context":"userService","message":"HTTPS server started on "}
{"level":"info","time":"2025-08-10T14:32:58.367Z","hostname":"PKKHICS01L5128","context":"userService","message":"HTTPS server started on "}
{"level":"info","time":"2025-08-10T14:33:08.827Z","hostname":"PKKHICS01L5128","context":"userService","message":"HTTPS server started on "}
{"level":"info","time":"2025-08-10T14:33:08.828Z","hostname":"PKKHICS01L5128","context":"userService","message":"HTTPS server started on "}
{"level":"info","time":"2025-08-10T14:33:17.924Z","hostname":"PKKHICS01L5128","context":"userService","message":"HTTPS server started on "}
{"level":"info","time":"2025-08-10T14:33:17.925Z","hostname":"PKKHICS01L5128","context":"userService","message":"HTTPS server started on "}
{"level":"info","time":"2025-08-10T14:33:20.762Z","hostname":"PKKHICS01L5128","context":"userService","message":"HTTPS server started on "}
{"level":"info","time":"2025-08-10T14:33:20.763Z","hostname":"PKKHICS01L5128","context":"userService","message":"HTTPS server started on "}
{"level":"info","time":"2025-08-10T17:03:53.906Z","hostname":"PKKHICS01L5128","context":"userService","message":"HTTPS server started on "}
{"level":"info","time":"2025-08-10T17:03:53.908Z","hostname":"PKKHICS01L5128","context":"userService","message":"HTTPS server started on "}
{"level":"info","time":"2025-08-10T17:38:56.860Z","hostname":"PKKHICS01L5128","context":"userService","message":"HTTPS server started on "}
{"level":"info","time":"2025-08-10T17:38:56.862Z","hostname":"PKKHICS01L5128","context":"userService","message":"HTTPS server started on "}
{"level":"info","time":"2025-08-10T17:39:28.319Z","hostname":"PKKHICS01L5128","context":"userService","message":"HTTPS server started on "}
{"level":"info","time":"2025-08-10T17:39:28.321Z","hostname":"PKKHICS01L5128","context":"userService","message":"HTTPS server started on "}
{"level":"info","time":"2025-08-10T17:39:44.788Z","hostname":"PKKHICS01L5128","context":"userService","message":"HTTPS server started on "}
{"level":"info","time":"2025-08-10T17:39:44.789Z","hostname":"PKKHICS01L5128","context":"userService","message":"HTTPS server started on "}
{"level":"info","time":"2025-08-11T16:29:51.569Z","hostname":"PKKHICS01L5128","context":"userService","message":"HTTPS server started on "}
{"level":"info","time":"2025-08-11T16:29:51.571Z","hostname":"PKKHICS01L5128","context":"userService","message":"HTTPS server started on "}
{"level":"info","time":"2025-08-11T16:35:40.848Z","hostname":"PKKHICS01L5128","context":"userService","message":"HTTPS server started on "}
{"level":"info","time":"2025-08-11T16:35:40.849Z","hostname":"PKKHICS01L5128","context":"userService","message":"HTTPS server started on "}
{"level":"info","time":"2025-08-11T16:35:55.111Z","hostname":"PKKHICS01L5128","context":"userService","message":"HTTPS server started on "}
{"level":"info","time":"2025-08-11T16:35:55.112Z","hostname":"PKKHICS01L5128","context":"userService","message":"HTTPS server started on "}
{"level":"info","time":"2025-08-11T16:36:09.156Z","hostname":"PKKHICS01L5128","context":"userService","message":"HTTPS server started on "}
{"level":"info","time":"2025-08-11T16:36:09.157Z","hostname":"PKKHICS01L5128","context":"userService","message":"HTTPS server started on "}
{"level":"info","time":"2025-08-11T16:36:15.121Z","hostname":"PKKHICS01L5128","context":"userService","message":"HTTPS server started on "}
{"level":"info","time":"2025-08-11T16:36:15.122Z","hostname":"PKKHICS01L5128","context":"userService","message":"HTTPS server started on "}
{"level":"info","time":"2025-08-11T16:36:24.573Z","hostname":"PKKHICS01L5128","context":"userService","message":"HTTPS server started on "}
{"level":"info","time":"2025-08-11T16:36:24.574Z","hostname":"PKKHICS01L5128","context":"userService","message":"HTTPS server started on "}
{"level":"info","time":"2025-08-11T16:36:29.110Z","hostname":"PKKHICS01L5128","context":"userService","message":"HTTPS server started on "}
{"level":"info","time":"2025-08-11T16:36:29.111Z","hostname":"PKKHICS01L5128","context":"userService","message":"HTTPS server started on "}
{"level":"info","time":"2025-08-11T16:36:32.847Z","hostname":"PKKHICS01L5128","context":"userService","message":"HTTPS server started on "}
{"level":"info","time":"2025-08-11T16:36:32.848Z","hostname":"PKKHICS01L5128","context":"userService","message":"HTTPS server started on "}
{"level":"info","time":"2025-08-11T16:36:47.471Z","hostname":"PKKHICS01L5128","context":"userService","message":"HTTPS server started on "}
{"level":"info","time":"2025-08-11T16:36:47.472Z","hostname":"PKKHICS01L5128","context":"userService","message":"HTTPS server started on "}
{"level":"info","time":"2025-08-11T16:37:17.389Z","hostname":"PKKHICS01L5128","context":"userService","message":"HTTPS server started on "}
{"level":"info","time":"2025-08-11T16:37:17.390Z","hostname":"PKKHICS01L5128","context":"userService","message":"HTTPS server started on "}
{"level":"info","time":"2025-08-11T16:37:24.831Z","hostname":"PKKHICS01L5128","context":"userService","message":"HTTPS server started on "}
{"level":"info","time":"2025-08-11T16:37:24.833Z","hostname":"PKKHICS01L5128","context":"userService","message":"HTTPS server started on "}
{"level":"info","time":"2025-08-11T16:37:28.476Z","hostname":"PKKHICS01L5128","context":"userService","message":"HTTPS server started on "}
{"level":"info","time":"2025-08-11T16:37:28.478Z","hostname":"PKKHICS01L5128","context":"userService","message":"HTTPS server started on "}
{"level":"info","time":"2025-08-11T16:37:32.476Z","hostname":"PKKHICS01L5128","context":"userService","message":"HTTPS server started on "}
{"level":"info","time":"2025-08-11T16:37:32.477Z","hostname":"PKKHICS01L5128","context":"userService","message":"HTTPS server started on "}
{"level":"info","time":"2025-08-11T16:37:39.074Z","hostname":"PKKHICS01L5128","context":"userService","message":"HTTPS server started on "}
{"level":"info","time":"2025-08-11T16:37:39.074Z","hostname":"PKKHICS01L5128","context":"userService","message":"HTTPS server started on "}
{"level":"info","time":"2025-08-11T16:37:49.018Z","hostname":"PKKHICS01L5128","context":"userService","message":"HTTPS server started on "}
{"level":"info","time":"2025-08-11T16:37:49.019Z","hostname":"PKKHICS01L5128","context":"userService","message":"HTTPS server started on "}
{"level":"info","time":"2025-08-11T16:37:53.516Z","hostname":"PKKHICS01L5128","context":"userService","message":"HTTPS server started on "}
{"level":"info","time":"2025-08-11T16:37:53.517Z","hostname":"PKKHICS01L5128","context":"userService","message":"HTTPS server started on "}
{"level":"info","time":"2025-08-11T16:37:57.487Z","hostname":"PKKHICS01L5128","context":"userService","message":"HTTPS server started on "}
{"level":"info","time":"2025-08-11T16:37:57.488Z","hostname":"PKKHICS01L5128","context":"userService","message":"HTTPS server started on "}
{"level":"info","time":"2025-08-11T16:38:01.105Z","hostname":"PKKHICS01L5128","context":"userService","message":"HTTPS server started on "}
{"level":"info","time":"2025-08-11T16:38:01.107Z","hostname":"PKKHICS01L5128","context":"userService","message":"HTTPS server started on "}
{"level":"info","time":"2025-08-11T16:40:36.763Z","hostname":"PKKHICS01L5128","context":"userService","message":"HTTPS server started on "}
{"level":"info","time":"2025-08-11T16:40:36.764Z","hostname":"PKKHICS01L5128","context":"userService","message":"HTTPS server started on "}
{"level":"info","time":"2025-08-11T16:40:45.412Z","hostname":"PKKHICS01L5128","context":"userService","message":"HTTPS server started on "}
{"level":"info","time":"2025-08-11T16:40:45.413Z","hostname":"PKKHICS01L5128","context":"userService","message":"HTTPS server started on "}
{"level":"info","time":"2025-08-11T16:40:52.018Z","hostname":"PKKHICS01L5128","context":"userService","message":"HTTPS server started on "}
{"level":"info","time":"2025-08-11T16:40:52.019Z","hostname":"PKKHICS01L5128","context":"userService","message":"HTTPS server started on "}
{"level":"info","time":"2025-08-11T16:40:59.369Z","hostname":"PKKHICS01L5128","context":"userService","message":"HTTPS server started on "}
{"level":"info","time":"2025-08-11T16:40:59.370Z","hostname":"PKKHICS01L5128","context":"userService","message":"HTTPS server started on "}
{"level":"info","time":"2025-08-11T16:41:19.086Z","hostname":"PKKHICS01L5128","context":"userService","message":"HTTPS server started on "}
{"level":"info","time":"2025-08-11T16:41:19.088Z","hostname":"PKKHICS01L5128","context":"userService","message":"HTTPS server started on "}
{"level":"info","time":"2025-08-11T16:41:27.324Z","hostname":"PKKHICS01L5128","context":"userService","message":"HTTPS server started on "}
{"level":"info","time":"2025-08-11T16:41:27.324Z","hostname":"PKKHICS01L5128","context":"userService","message":"HTTPS server started on "}
{"level":"info","time":"2025-08-11T16:41:31.656Z","hostname":"PKKHICS01L5128","context":"userService","message":"HTTPS server started on "}
{"level":"info","time":"2025-08-11T16:41:31.657Z","hostname":"PKKHICS01L5128","context":"userService","message":"HTTPS server started on "}
{"level":"info","time":"2025-08-11T16:41:37.491Z","hostname":"PKKHICS01L5128","context":"userService","message":"HTTPS server started on "}
{"level":"info","time":"2025-08-11T16:41:37.492Z","hostname":"PKKHICS01L5128","context":"userService","message":"HTTPS server started on "}
{"level":"info","time":"2025-08-11T16:41:47.138Z","hostname":"PKKHICS01L5128","context":"userService","message":"HTTPS server started on "}
{"level":"info","time":"2025-08-11T16:41:47.139Z","hostname":"PKKHICS01L5128","context":"userService","message":"HTTPS server started on "}
{"level":"info","time":"2025-08-11T16:44:42.391Z","hostname":"PKKHICS01L5128","context":"userService","message":"HTTPS server started on "}
{"level":"info","time":"2025-08-11T16:44:42.392Z","hostname":"PKKHICS01L5128","context":"userService","message":"HTTPS server started on "}
{"level":"info","time":"2025-08-11T16:44:47.821Z","hostname":"PKKHICS01L5128","context":"userService","message":"HTTPS server started on "}
{"level":"info","time":"2025-08-11T16:44:47.821Z","hostname":"PKKHICS01L5128","context":"userService","message":"HTTPS server started on "}
{"level":"info","time":"2025-08-11T16:44:55.690Z","hostname":"PKKHICS01L5128","context":"userService","message":"HTTPS server started on "}
{"level":"info","time":"2025-08-11T16:44:55.690Z","hostname":"PKKHICS01L5128","context":"userService","message":"HTTPS server started on "}
{"level":"info","time":"2025-08-11T16:45:05.491Z","hostname":"PKKHICS01L5128","context":"userService","message":"HTTPS server started on "}
{"level":"info","time":"2025-08-11T16:45:05.492Z","hostname":"PKKHICS01L5128","context":"userService","message":"HTTPS server started on "}
{"level":"info","time":"2025-08-11T16:45:11.767Z","hostname":"PKKHICS01L5128","context":"userService","message":"HTTPS server started on "}
{"level":"info","time":"2025-08-11T16:45:11.768Z","hostname":"PKKHICS01L5128","context":"userService","message":"HTTPS server started on "}
{"level":"info","time":"2025-08-11T16:45:18.154Z","hostname":"PKKHICS01L5128","context":"userService","message":"HTTPS server started on "}
{"level":"info","time":"2025-08-11T16:45:18.157Z","hostname":"PKKHICS01L5128","context":"userService","message":"HTTPS server started on "}
{"level":"info","time":"2025-08-11T16:45:23.520Z","hostname":"PKKHICS01L5128","context":"userService","message":"HTTPS server started on "}
{"level":"info","time":"2025-08-11T16:45:23.521Z","hostname":"PKKHICS01L5128","context":"userService","message":"HTTPS server started on "}
{"level":"info","time":"2025-08-11T16:45:27.338Z","hostname":"PKKHICS01L5128","context":"userService","message":"HTTPS server started on "}
{"level":"info","time":"2025-08-11T16:45:27.339Z","hostname":"PKKHICS01L5128","context":"userService","message":"HTTPS server started on "}
{"level":"info","time":"2025-08-11T16:45:31.225Z","hostname":"PKKHICS01L5128","context":"userService","message":"HTTPS server started on "}
{"level":"info","time":"2025-08-11T16:45:31.226Z","hostname":"PKKHICS01L5128","context":"userService","message":"HTTPS server started on "}
{"level":"info","time":"2025-08-11T16:45:39.601Z","hostname":"PKKHICS01L5128","context":"userService","message":"HTTPS server started on "}
{"level":"info","time":"2025-08-11T16:45:39.601Z","hostname":"PKKHICS01L5128","context":"userService","message":"HTTPS server started on "}
{"level":"info","time":"2025-08-11T16:45:43.718Z","hostname":"PKKHICS01L5128","context":"userService","message":"HTTPS server started on "}
{"level":"info","time":"2025-08-11T16:45:43.719Z","hostname":"PKKHICS01L5128","context":"userService","message":"HTTPS server started on "}
{"level":"info","time":"2025-08-11T16:45:46.830Z","hostname":"PKKHICS01L5128","context":"userService","message":"HTTPS server started on "}
{"level":"info","time":"2025-08-11T16:45:46.831Z","hostname":"PKKHICS01L5128","context":"userService","message":"HTTPS server started on "}
{"level":"info","time":"2025-08-11T16:45:50.366Z","hostname":"PKKHICS01L5128","context":"userService","message":"HTTPS server started on "}
{"level":"info","time":"2025-08-11T16:45:50.367Z","hostname":"PKKHICS01L5128","context":"userService","message":"HTTPS server started on "}
{"level":"info","time":"2025-08-11T16:47:56.701Z","hostname":"PKKHICS01L5128","context":"userService","message":"HTTPS server started on "}
{"level":"info","time":"2025-08-11T16:47:56.702Z","hostname":"PKKHICS01L5128","context":"userService","message":"HTTPS server started on "}
{"level":"info","time":"2025-08-11T16:48:12.356Z","hostname":"PKKHICS01L5128","context":"userService","message":"HTTPS server started on "}
{"level":"info","time":"2025-08-11T16:48:12.357Z","hostname":"PKKHICS01L5128","context":"userService","message":"HTTPS server started on "}
{"level":"info","time":"2025-08-11T16:48:23.714Z","hostname":"PKKHICS01L5128","context":"userService","message":"HTTPS server started on "}
{"level":"info","time":"2025-08-11T16:48:23.715Z","hostname":"PKKHICS01L5128","context":"userService","message":"HTTPS server started on "}
{"level":"info","time":"2025-08-11T16:48:31.071Z","hostname":"PKKHICS01L5128","context":"userService","message":"HTTPS server started on "}
{"level":"info","time":"2025-08-11T16:48:31.071Z","hostname":"PKKHICS01L5128","context":"userService","message":"HTTPS server started on "}
{"level":"info","time":"2025-08-11T16:48:37.420Z","hostname":"PKKHICS01L5128","context":"userService","message":"HTTPS server started on "}
{"level":"info","time":"2025-08-11T16:48:37.421Z","hostname":"PKKHICS01L5128","context":"userService","message":"HTTPS server started on "}
{"level":"info","time":"2025-08-11T18:04:08.827Z","hostname":"PKKHICS01L5128","context":"userService","message":"HTTPS server started on "}
{"level":"info","time":"2025-08-11T18:04:08.828Z","hostname":"PKKHICS01L5128","context":"userService","message":"HTTPS server started on "}
{"level":"info","time":"2025-08-11T18:04:15.882Z","hostname":"PKKHICS01L5128","context":"userService","message":"HTTPS server started on "}
{"level":"info","time":"2025-08-11T18:04:15.883Z","hostname":"PKKHICS01L5128","context":"userService","message":"HTTPS server started on "}
{"level":"info","time":"2025-08-11T18:04:20.980Z","hostname":"PKKHICS01L5128","context":"userService","message":"HTTPS server started on "}
{"level":"info","time":"2025-08-11T18:04:20.981Z","hostname":"PKKHICS01L5128","context":"userService","message":"HTTPS server started on "}
{"level":"info","time":"2025-08-11T18:04:28.257Z","hostname":"PKKHICS01L5128","context":"userService","message":"HTTPS server started on "}
{"level":"info","time":"2025-08-11T18:04:28.258Z","hostname":"PKKHICS01L5128","context":"userService","message":"HTTPS server started on "}
{"level":"info","time":"2025-08-11T18:04:32.312Z","hostname":"PKKHICS01L5128","context":"userService","message":"HTTPS server started on "}
{"level":"info","time":"2025-08-11T18:04:32.313Z","hostname":"PKKHICS01L5128","context":"userService","message":"HTTPS server started on "}
{"level":"info","time":"2025-08-11T18:04:37.831Z","hostname":"PKKHICS01L5128","context":"userService","message":"HTTPS server started on "}
{"level":"info","time":"2025-08-11T18:04:37.831Z","hostname":"PKKHICS01L5128","context":"userService","message":"HTTPS server started on "}
{"level":"info","time":"2025-08-11T18:04:41.916Z","hostname":"PKKHICS01L5128","context":"userService","message":"HTTPS server started on "}
{"level":"info","time":"2025-08-11T18:04:41.916Z","hostname":"PKKHICS01L5128","context":"userService","message":"HTTPS server started on "}
{"level":"info","time":"2025-08-11T18:04:47.607Z","hostname":"PKKHICS01L5128","context":"userService","message":"HTTPS server started on "}
{"level":"info","time":"2025-08-11T18:04:47.608Z","hostname":"PKKHICS01L5128","context":"userService","message":"HTTPS server started on "}
{"level":"info","time":"2025-08-11T18:05:19.267Z","hostname":"PKKHICS01L5128","context":"userService","message":"HTTPS server started on "}
{"level":"info","time":"2025-08-11T18:05:19.268Z","hostname":"PKKHICS01L5128","context":"userService","message":"HTTPS server started on "}
{"level":"info","time":"2025-08-11T18:24:55.708Z","hostname":"PKKHICS01L5128","context":"userService","message":"HTTPS server started on "}
{"level":"info","time":"2025-08-11T18:24:55.709Z","hostname":"PKKHICS01L5128","context":"userService","message":"HTTPS server started on "}
{"level":"info","time":"2025-08-11T18:43:44.759Z","hostname":"PKKHICS01L5128","context":"userService","message":"HTTPS server started on "}
{"level":"info","time":"2025-08-11T18:43:44.760Z","hostname":"PKKHICS01L5128","context":"userService","message":"HTTPS server started on "}
{"level":"info","time":"2025-08-12T17:03:21.711Z","hostname":"PKKHICS01L5128","context":"userService","message":"HTTPS server started on "}
{"level":"info","time":"2025-08-12T17:03:21.713Z","hostname":"PKKHICS01L5128","context":"userService","message":"HTTPS server started on "}
{"level":"info","time":"2025-08-12T17:08:24.874Z","hostname":"PKKHICS01L5128","context":"userService","message":"HTTPS server started on "}
{"level":"info","time":"2025-08-12T17:08:24.877Z","hostname":"PKKHICS01L5128","context":"userService","message":"HTTPS server started on "}
{"level":"info","time":"2025-08-12T17:08:50.238Z","hostname":"PKKHICS01L5128","context":"userService","message":"HTTPS server started on "}
{"level":"info","time":"2025-08-12T17:08:50.240Z","hostname":"PKKHICS01L5128","context":"userService","message":"HTTPS server started on "}
{"level":"info","time":"2025-08-12T17:10:16.447Z","hostname":"PKKHICS01L5128","context":"userService","message":"HTTPS server started on "}
{"level":"info","time":"2025-08-12T17:10:16.449Z","hostname":"PKKHICS01L5128","context":"userService","message":"HTTPS server started on "}
{"level":"info","time":"2025-08-12T17:10:43.759Z","hostname":"PKKHICS01L5128","context":"userService","message":"HTTPS server started on "}
{"level":"info","time":"2025-08-12T17:10:43.763Z","hostname":"PKKHICS01L5128","context":"userService","message":"HTTPS server started on "}
{"level":"info","time":"2025-08-12T17:11:07.619Z","hostname":"PKKHICS01L5128","context":"userService","message":"HTTPS server started on "}
{"level":"info","time":"2025-08-12T17:11:07.621Z","hostname":"PKKHICS01L5128","context":"userService","message":"HTTPS server started on "}
{"level":"info","time":"2025-08-12T17:16:04.835Z","hostname":"PKKHICS01L5128","context":"userService","message":"HTTPS server started on "}
{"level":"info","time":"2025-08-12T17:16:04.837Z","hostname":"PKKHICS01L5128","context":"userService","message":"HTTPS server started on "}
{"level":"info","time":"2025-08-12T18:57:04.235Z","hostname":"PKKHICS01L5128","context":"userService","message":"HTTPS server started on "}
{"level":"info","time":"2025-08-12T18:57:04.236Z","hostname":"PKKHICS01L5128","context":"userService","message":"HTTPS server started on "}
{"level":"info","time":"2025-08-13T18:31:37.999Z","hostname":"PKKHICS01L5128","context":"userService","message":"HTTPS server started on "}
{"level":"info","time":"2025-08-13T18:31:38.001Z","hostname":"PKKHICS01L5128","context":"userService","message":"HTTPS server started on "}
{"level":"info","time":"2025-08-14T16:27:42.016Z","hostname":"PKKHICS01L5128","context":"userService","message":"HTTPS server started on "}
{"level":"info","time":"2025-08-14T16:27:42.017Z","hostname":"PKKHICS01L5128","context":"userService","message":"HTTPS server started on "}
{"level":"info","time":"2025-08-14T16:33:47.649Z","hostname":"PKKHICS01L5128","context":"userService","message":"HTTPS server started on "}
{"level":"info","time":"2025-08-14T16:33:47.649Z","hostname":"PKKHICS01L5128","context":"userService","message":"HTTPS server started on "}
{"level":"info","time":"2025-08-14T16:33:52.324Z","hostname":"PKKHICS01L5128","context":"userService","message":"HTTPS server started on "}
{"level":"info","time":"2025-08-14T16:33:52.325Z","hostname":"PKKHICS01L5128","context":"userService","message":"HTTPS server started on "}
{"level":"info","time":"2025-08-14T16:33:56.793Z","hostname":"PKKHICS01L5128","context":"userService","message":"HTTPS server started on "}
{"level":"info","time":"2025-08-14T16:33:56.794Z","hostname":"PKKHICS01L5128","context":"userService","message":"HTTPS server started on "}
{"level":"info","time":"2025-08-14T16:34:03.373Z","hostname":"PKKHICS01L5128","context":"userService","message":"HTTPS server started on "}
{"level":"info","time":"2025-08-14T16:34:03.374Z","hostname":"PKKHICS01L5128","context":"userService","message":"HTTPS server started on "}
{"level":"info","time":"2025-08-14T16:34:42.271Z","hostname":"PKKHICS01L5128","context":"userService","message":"HTTPS server started on "}
{"level":"info","time":"2025-08-14T16:34:42.271Z","hostname":"PKKHICS01L5128","context":"userService","message":"HTTPS server started on "}
{"level":"info","time":"2025-08-14T16:34:47.529Z","hostname":"PKKHICS01L5128","context":"userService","message":"HTTPS server started on "}
{"level":"info","time":"2025-08-14T16:34:47.530Z","hostname":"PKKHICS01L5128","context":"userService","message":"HTTPS server started on "}
{"level":"info","time":"2025-08-14T16:40:49.662Z","hostname":"PKKHICS01L5128","context":"userService","message":"HTTPS server started on "}
{"level":"info","time":"2025-08-14T16:40:49.663Z","hostname":"PKKHICS01L5128","context":"userService","message":"HTTPS server started on "}
{"level":"info","time":"2025-08-14T16:40:53.138Z","hostname":"PKKHICS01L5128","context":"userService","message":"HTTPS server started on "}
{"level":"info","time":"2025-08-14T16:40:53.138Z","hostname":"PKKHICS01L5128","context":"userService","message":"HTTPS server started on "}
{"level":"info","time":"2025-08-14T16:40:59.341Z","hostname":"PKKHICS01L5128","context":"userService","message":"HTTPS server started on "}
{"level":"info","time":"2025-08-14T16:40:59.342Z","hostname":"PKKHICS01L5128","context":"userService","message":"HTTPS server started on "}
{"level":"info","time":"2025-08-14T16:41:11.734Z","hostname":"PKKHICS01L5128","context":"userService","message":"HTTPS server started on "}
{"level":"info","time":"2025-08-14T16:41:11.737Z","hostname":"PKKHICS01L5128","context":"userService","message":"HTTPS server started on "}
{"level":"info","time":"2025-08-14T16:41:18.729Z","hostname":"PKKHICS01L5128","context":"userService","message":"HTTPS server started on "}
{"level":"info","time":"2025-08-14T16:41:18.730Z","hostname":"PKKHICS01L5128","context":"userService","message":"HTTPS server started on "}
{"level":"info","time":"2025-08-14T16:41:23.010Z","hostname":"PKKHICS01L5128","context":"userService","message":"HTTPS server started on "}
{"level":"info","time":"2025-08-14T16:41:23.010Z","hostname":"PKKHICS01L5128","context":"userService","message":"HTTPS server started on "}
{"level":"info","time":"2025-08-14T16:41:44.148Z","hostname":"PKKHICS01L5128","context":"userService","message":"HTTPS server started on "}
{"level":"info","time":"2025-08-14T16:41:44.149Z","hostname":"PKKHICS01L5128","context":"userService","message":"HTTPS server started on "}
{"level":"info","time":"2025-08-14T16:42:02.793Z","hostname":"PKKHICS01L5128","context":"userService","message":"HTTPS server started on "}
{"level":"info","time":"2025-08-14T16:42:02.793Z","hostname":"PKKHICS01L5128","context":"userService","message":"HTTPS server started on "}
{"level":"info","time":"2025-08-14T16:42:10.494Z","hostname":"PKKHICS01L5128","context":"userService","message":"HTTPS server started on "}
{"level":"info","time":"2025-08-14T16:42:10.494Z","hostname":"PKKHICS01L5128","context":"userService","message":"HTTPS server started on "}
{"level":"info","time":"2025-08-14T16:42:16.506Z","hostname":"PKKHICS01L5128","context":"userService","message":"HTTPS server started on "}
{"level":"info","time":"2025-08-14T16:42:16.507Z","hostname":"PKKHICS01L5128","context":"userService","message":"HTTPS server started on "}
{"level":"info","time":"2025-08-14T16:42:21.431Z","hostname":"PKKHICS01L5128","context":"userService","message":"HTTPS server started on "}
{"level":"info","time":"2025-08-14T16:42:21.431Z","hostname":"PKKHICS01L5128","context":"userService","message":"HTTPS server started on "}
{"level":"info","time":"2025-08-14T16:42:24.586Z","hostname":"PKKHICS01L5128","context":"userService","message":"HTTPS server started on "}
{"level":"info","time":"2025-08-14T16:42:24.589Z","hostname":"PKKHICS01L5128","context":"userService","message":"HTTPS server started on "}
{"level":"info","time":"2025-08-14T16:42:48.062Z","hostname":"PKKHICS01L5128","context":"userService","message":"HTTPS server started on "}
{"level":"info","time":"2025-08-14T16:42:48.062Z","hostname":"PKKHICS01L5128","context":"userService","message":"HTTPS server started on "}
{"level":"info","time":"2025-08-14T16:42:55.182Z","hostname":"PKKHICS01L5128","context":"userService","message":"HTTPS server started on "}
{"level":"info","time":"2025-08-14T16:42:55.183Z","hostname":"PKKHICS01L5128","context":"userService","message":"HTTPS server started on "}
{"level":"info","time":"2025-08-14T16:43:00.781Z","hostname":"PKKHICS01L5128","context":"userService","message":"HTTPS server started on "}
{"level":"info","time":"2025-08-14T16:43:00.782Z","hostname":"PKKHICS01L5128","context":"userService","message":"HTTPS server started on "}
{"level":"info","time":"2025-08-14T16:43:15.593Z","hostname":"PKKHICS01L5128","context":"userService","message":"HTTPS server started on "}
{"level":"info","time":"2025-08-14T16:43:15.595Z","hostname":"PKKHICS01L5128","context":"userService","message":"HTTPS server started on "}
{"level":"info","time":"2025-08-14T16:44:31.444Z","hostname":"PKKHICS01L5128","context":"userService","message":"HTTPS server started on "}
{"level":"info","time":"2025-08-14T16:44:31.445Z","hostname":"PKKHICS01L5128","context":"userService","message":"HTTPS server started on "}
{"level":"info","time":"2025-08-14T16:46:11.258Z","hostname":"PKKHICS01L5128","context":"userService","message":"HTTPS server started on "}
{"level":"info","time":"2025-08-14T16:46:11.259Z","hostname":"PKKHICS01L5128","context":"userService","message":"HTTPS server started on "}
{"level":"info","time":"2025-08-14T16:46:21.892Z","hostname":"PKKHICS01L5128","context":"userService","message":"HTTPS server started on "}
{"level":"info","time":"2025-08-14T16:46:21.893Z","hostname":"PKKHICS01L5128","context":"userService","message":"HTTPS server started on "}
{"level":"info","time":"2025-08-14T16:46:30.578Z","hostname":"PKKHICS01L5128","context":"userService","message":"HTTPS server started on "}
{"level":"info","time":"2025-08-14T16:46:30.579Z","hostname":"PKKHICS01L5128","context":"userService","message":"HTTPS server started on "}
{"level":"info","time":"2025-08-14T16:47:17.395Z","hostname":"PKKHICS01L5128","context":"userService","message":"HTTPS server started on "}
{"level":"info","time":"2025-08-14T16:47:17.396Z","hostname":"PKKHICS01L5128","context":"userService","message":"HTTPS server started on "}
{"level":"info","time":"2025-08-14T16:47:21.216Z","hostname":"PKKHICS01L5128","context":"userService","message":"HTTPS server started on "}
{"level":"info","time":"2025-08-14T16:47:21.216Z","hostname":"PKKHICS01L5128","context":"userService","message":"HTTPS server started on "}
{"level":"info","time":"2025-08-14T16:47:33.477Z","hostname":"PKKHICS01L5128","context":"userService","message":"HTTPS server started on "}
{"level":"info","time":"2025-08-14T16:47:33.479Z","hostname":"PKKHICS01L5128","context":"userService","message":"HTTPS server started on "}
{"level":"info","time":"2025-08-14T16:47:42.719Z","hostname":"PKKHICS01L5128","context":"userService","message":"HTTPS server started on "}
{"level":"info","time":"2025-08-14T16:47:42.720Z","hostname":"PKKHICS01L5128","context":"userService","message":"HTTPS server started on "}
{"level":"info","time":"2025-08-14T16:49:49.393Z","hostname":"PKKHICS01L5128","context":"userService","message":"HTTPS server started on "}
{"level":"info","time":"2025-08-14T16:49:49.394Z","hostname":"PKKHICS01L5128","context":"userService","message":"HTTPS server started on "}
{"level":"info","time":"2025-08-14T16:50:03.793Z","hostname":"PKKHICS01L5128","context":"userService","message":"HTTPS server started on "}
{"level":"info","time":"2025-08-14T16:50:03.794Z","hostname":"PKKHICS01L5128","context":"userService","message":"HTTPS server started on "}
{"level":"info","time":"2025-08-14T16:50:07.620Z","hostname":"PKKHICS01L5128","context":"userService","message":"HTTPS server started on "}
{"level":"info","time":"2025-08-14T16:50:07.621Z","hostname":"PKKHICS01L5128","context":"userService","message":"HTTPS server started on "}
{"level":"info","time":"2025-08-14T16:50:47.163Z","hostname":"PKKHICS01L5128","context":"userService","message":"HTTPS server started on "}
{"level":"info","time":"2025-08-14T16:50:47.164Z","hostname":"PKKHICS01L5128","context":"userService","message":"HTTPS server started on "}
{"level":"info","time":"2025-08-14T16:51:16.557Z","hostname":"PKKHICS01L5128","context":"userService","message":"HTTPS server started on "}
{"level":"info","time":"2025-08-14T16:51:16.558Z","hostname":"PKKHICS01L5128","context":"userService","message":"HTTPS server started on "}
{"level":"info","time":"2025-08-14T16:51:24.824Z","hostname":"PKKHICS01L5128","context":"userService","message":"HTTPS server started on "}
{"level":"info","time":"2025-08-14T16:51:24.825Z","hostname":"PKKHICS01L5128","context":"userService","message":"HTTPS server started on "}
{"level":"info","time":"2025-08-14T16:51:30.165Z","hostname":"PKKHICS01L5128","context":"userService","message":"HTTPS server started on "}
{"level":"info","time":"2025-08-14T16:51:30.165Z","hostname":"PKKHICS01L5128","context":"userService","message":"HTTPS server started on "}
{"level":"info","time":"2025-08-14T16:52:00.814Z","hostname":"PKKHICS01L5128","context":"userService","message":"HTTPS server started on "}
{"level":"info","time":"2025-08-14T16:52:00.815Z","hostname":"PKKHICS01L5128","context":"userService","message":"HTTPS server started on "}
{"level":"info","time":"2025-08-14T16:52:06.995Z","hostname":"PKKHICS01L5128","context":"userService","message":"HTTPS server started on "}
{"level":"info","time":"2025-08-14T16:52:06.997Z","hostname":"PKKHICS01L5128","context":"userService","message":"HTTPS server started on "}
{"level":"info","time":"2025-08-14T16:53:47.747Z","hostname":"PKKHICS01L5128","context":"userService","message":"HTTPS server started on "}
{"level":"info","time":"2025-08-14T16:53:47.748Z","hostname":"PKKHICS01L5128","context":"userService","message":"HTTPS server started on "}
{"level":"info","time":"2025-08-14T16:58:55.288Z","hostname":"PKKHICS01L5128","context":"userService","message":"HTTPS server started on "}
{"level":"info","time":"2025-08-14T16:58:55.290Z","hostname":"PKKHICS01L5128","context":"userService","message":"HTTPS server started on "}
{"level":"info","time":"2025-08-14T16:59:01.222Z","hostname":"PKKHICS01L5128","context":"userService","message":"HTTPS server started on "}
{"level":"info","time":"2025-08-14T16:59:01.223Z","hostname":"PKKHICS01L5128","context":"userService","message":"HTTPS server started on "}
{"level":"info","time":"2025-08-14T16:59:09.293Z","hostname":"PKKHICS01L5128","context":"userService","message":"HTTPS server started on "}
{"level":"info","time":"2025-08-14T16:59:09.294Z","hostname":"PKKHICS01L5128","context":"userService","message":"HTTPS server started on "}
{"level":"info","time":"2025-08-14T17:04:39.632Z","hostname":"PKKHICS01L5128","context":"userService","message":"HTTPS server started on "}
{"level":"info","time":"2025-08-14T17:04:39.632Z","hostname":"PKKHICS01L5128","context":"userService","message":"HTTPS server started on "}
{"level":"info","time":"2025-08-14T17:04:42.830Z","hostname":"PKKHICS01L5128","context":"userService","message":"HTTPS server started on "}
{"level":"info","time":"2025-08-14T17:04:42.831Z","hostname":"PKKHICS01L5128","context":"userService","message":"HTTPS server started on "}
{"level":"info","time":"2025-08-14T17:08:00.291Z","hostname":"PKKHICS01L5128","context":"userService","message":"HTTPS server started on "}
{"level":"info","time":"2025-08-14T17:08:00.292Z","hostname":"PKKHICS01L5128","context":"userService","message":"HTTPS server started on "}
{"level":"info","time":"2025-08-14T17:08:19.572Z","hostname":"PKKHICS01L5128","context":"userService","message":"HTTPS server started on "}
{"level":"info","time":"2025-08-14T17:08:19.572Z","hostname":"PKKHICS01L5128","context":"userService","message":"HTTPS server started on "}
{"level":"info","time":"2025-08-14T17:14:19.424Z","hostname":"PKKHICS01L5128","context":"userService","message":"HTTPS server started on "}
{"level":"info","time":"2025-08-14T17:14:19.425Z","hostname":"PKKHICS01L5128","context":"userService","message":"HTTPS server started on "}
{"level":"info","time":"2025-08-14T17:18:44.951Z","hostname":"PKKHICS01L5128","context":"userService","message":"HTTPS server started on "}
{"level":"info","time":"2025-08-14T17:18:44.952Z","hostname":"PKKHICS01L5128","context":"userService","message":"HTTPS server started on "}
{"level":"info","time":"2025-08-14T17:18:52.801Z","hostname":"PKKHICS01L5128","context":"userService","message":"HTTPS server started on "}
{"level":"info","time":"2025-08-14T17:18:52.801Z","hostname":"PKKHICS01L5128","context":"userService","message":"HTTPS server started on "}
{"level":"info","time":"2025-08-14T17:19:26.188Z","hostname":"PKKHICS01L5128","context":"userService","message":"HTTPS server started on "}
{"level":"info","time":"2025-08-14T17:19:26.189Z","hostname":"PKKHICS01L5128","context":"userService","message":"HTTPS server started on "}
{"level":"info","time":"2025-08-14T17:19:32.145Z","hostname":"PKKHICS01L5128","context":"userService","message":"HTTPS server started on "}
{"level":"info","time":"2025-08-14T17:19:32.147Z","hostname":"PKKHICS01L5128","context":"userService","message":"HTTPS server started on "}
{"level":"info","time":"2025-08-14T17:19:43.314Z","hostname":"PKKHICS01L5128","context":"userService","message":"HTTPS server started on "}
{"level":"info","time":"2025-08-14T17:19:43.315Z","hostname":"PKKHICS01L5128","context":"userService","message":"HTTPS server started on "}
{"level":"info","time":"2025-08-14T17:20:42.512Z","hostname":"PKKHICS01L5128","context":"userService","message":"HTTPS server started on "}
{"level":"info","time":"2025-08-14T17:20:42.513Z","hostname":"PKKHICS01L5128","context":"userService","message":"HTTPS server started on "}
{"level":"info","time":"2025-08-14T17:20:52.617Z","hostname":"PKKHICS01L5128","context":"userService","message":"HTTPS server started on "}
{"level":"info","time":"2025-08-14T17:20:52.618Z","hostname":"PKKHICS01L5128","context":"userService","message":"HTTPS server started on "}
{"level":"info","time":"2025-08-14T17:21:01.460Z","hostname":"PKKHICS01L5128","context":"userService","message":"HTTPS server started on "}
{"level":"info","time":"2025-08-14T17:21:01.461Z","hostname":"PKKHICS01L5128","context":"userService","message":"HTTPS server started on "}
{"level":"error","time":"2025-08-14T17:21:48.856Z","hostname":"PKKHICS01L5128","context":"userService","message":"Error: queryTxt ETIMEOUT cluster0.1wehduf.mongodb.net\n    at QueryReqWrap.onresolve [as oncomplete] (node:internal/dns/promises:294:17)"}
{"level":"info","time":"2025-08-14T17:22:41.695Z","hostname":"PKKHICS01L5128","context":"userService","message":"HTTPS server started on "}
{"level":"info","time":"2025-08-14T17:22:41.696Z","hostname":"PKKHICS01L5128","context":"userService","message":"HTTPS server started on "}
{"level":"info","time":"2025-08-14T17:26:34.132Z","hostname":"PKKHICS01L5128","context":"userService","message":"HTTPS server started on "}
{"level":"info","time":"2025-08-14T17:26:34.132Z","hostname":"PKKHICS01L5128","context":"userService","message":"HTTPS server started on "}
{"level":"info","time":"2025-08-14T17:28:40.223Z","hostname":"PKKHICS01L5128","context":"userService","message":"HTTPS server started on "}
{"level":"info","time":"2025-08-14T17:28:40.224Z","hostname":"PKKHICS01L5128","context":"userService","message":"HTTPS server started on "}
{"level":"info","time":"2025-08-14T17:31:02.127Z","hostname":"PKKHICS01L5128","context":"userService","message":"HTTPS server started on "}
{"level":"info","time":"2025-08-14T17:31:02.129Z","hostname":"PKKHICS01L5128","context":"userService","message":"HTTPS server started on "}
{"level":"info","time":"2025-08-14T17:31:14.612Z","hostname":"PKKHICS01L5128","context":"userService","message":"HTTPS server started on "}
{"level":"info","time":"2025-08-14T17:31:14.613Z","hostname":"PKKHICS01L5128","context":"userService","message":"HTTPS server started on "}
{"level":"info","time":"2025-08-14T17:31:26.865Z","hostname":"PKKHICS01L5128","context":"userService","message":"HTTPS server started on "}
{"level":"info","time":"2025-08-14T17:31:26.867Z","hostname":"PKKHICS01L5128","context":"userService","message":"HTTPS server started on "}
{"level":"info","time":"2025-08-14T17:31:43.186Z","hostname":"PKKHICS01L5128","context":"userService","message":"HTTPS server started on "}
{"level":"info","time":"2025-08-14T17:31:43.187Z","hostname":"PKKHICS01L5128","context":"userService","message":"HTTPS server started on "}
{"level":"info","time":"2025-08-14T17:33:22.344Z","hostname":"PKKHICS01L5128","context":"userService","message":"HTTPS server started on "}
{"level":"info","time":"2025-08-14T17:33:22.345Z","hostname":"PKKHICS01L5128","context":"userService","message":"HTTPS server started on "}
{"level":"info","time":"2025-08-14T17:33:29.435Z","hostname":"PKKHICS01L5128","context":"userService","message":"HTTPS server started on "}
{"level":"info","time":"2025-08-14T17:33:29.436Z","hostname":"PKKHICS01L5128","context":"userService","message":"HTTPS server started on "}
{"level":"info","time":"2025-08-14T17:33:33.078Z","hostname":"PKKHICS01L5128","context":"userService","message":"HTTPS server started on "}
{"level":"info","time":"2025-08-14T17:33:33.079Z","hostname":"PKKHICS01L5128","context":"userService","message":"HTTPS server started on "}
{"level":"info","time":"2025-08-14T17:36:29.787Z","hostname":"PKKHICS01L5128","context":"userService","message":"HTTPS server started on "}
{"level":"info","time":"2025-08-14T17:36:29.788Z","hostname":"PKKHICS01L5128","context":"userService","message":"HTTPS server started on "}
{"level":"info","time":"2025-08-14T17:36:35.895Z","hostname":"PKKHICS01L5128","context":"userService","message":"HTTPS server started on "}
{"level":"info","time":"2025-08-14T17:36:35.897Z","hostname":"PKKHICS01L5128","context":"userService","message":"HTTPS server started on "}
{"level":"info","time":"2025-08-14T17:37:03.552Z","hostname":"PKKHICS01L5128","context":"userService","message":"HTTPS server started on "}
{"level":"info","time":"2025-08-14T17:37:03.553Z","hostname":"PKKHICS01L5128","context":"userService","message":"HTTPS server started on "}
{"level":"info","time":"2025-08-14T17:38:18.306Z","hostname":"PKKHICS01L5128","context":"userService","message":"HTTPS server started on "}
{"level":"info","time":"2025-08-14T17:38:18.308Z","hostname":"PKKHICS01L5128","context":"userService","message":"HTTPS server started on "}
{"level":"info","time":"2025-08-16T06:33:38.556Z","hostname":"PKKHICS01L5128","context":"userService","message":"HTTPS server started on "}
{"level":"info","time":"2025-08-16T06:33:38.557Z","hostname":"PKKHICS01L5128","context":"userService","message":"HTTPS server started on "}
{"level":"info","time":"2025-08-16T06:35:08.911Z","hostname":"PKKHICS01L5128","context":"userService","message":"HTTPS server started on "}
{"level":"info","time":"2025-08-16T06:35:08.911Z","hostname":"PKKHICS01L5128","context":"userService","message":"HTTPS server started on "}
{"level":"info","time":"2025-08-16T06:39:44.552Z","hostname":"PKKHICS01L5128","context":"userService","message":"HTTPS server started on "}
{"level":"info","time":"2025-08-16T06:39:44.552Z","hostname":"PKKHICS01L5128","context":"userService","message":"HTTPS server started on "}
{"level":"info","time":"2025-08-16T06:46:57.681Z","hostname":"PKKHICS01L5128","context":"userService","message":"HTTPS server started on "}
{"level":"info","time":"2025-08-16T06:46:57.682Z","hostname":"PKKHICS01L5128","context":"userService","message":"HTTPS server started on "}
{"level":"info","time":"2025-08-16T06:47:06.670Z","hostname":"PKKHICS01L5128","context":"userService","message":"HTTPS server started on "}
{"level":"info","time":"2025-08-16T06:47:06.672Z","hostname":"PKKHICS01L5128","context":"userService","message":"HTTPS server started on "}
{"level":"info","time":"2025-08-16T06:47:14.337Z","hostname":"PKKHICS01L5128","context":"userService","message":"HTTPS server started on "}
{"level":"info","time":"2025-08-16T06:47:14.338Z","hostname":"PKKHICS01L5128","context":"userService","message":"HTTPS server started on "}
{"level":"info","time":"2025-08-16T06:52:42.456Z","hostname":"PKKHICS01L5128","context":"userService","message":"HTTPS server started on "}
{"level":"info","time":"2025-08-16T06:52:42.457Z","hostname":"PKKHICS01L5128","context":"userService","message":"HTTPS server started on "}
{"level":"info","time":"2025-08-16T06:52:51.224Z","hostname":"PKKHICS01L5128","context":"userService","message":"HTTPS server started on "}
{"level":"info","time":"2025-08-16T06:52:51.225Z","hostname":"PKKHICS01L5128","context":"userService","message":"HTTPS server started on "}
{"level":"info","time":"2025-08-16T06:52:53.623Z","hostname":"PKKHICS01L5128","context":"userService","message":"HTTPS server started on "}
{"level":"info","time":"2025-08-16T06:52:53.624Z","hostname":"PKKHICS01L5128","context":"userService","message":"HTTPS server started on "}
{"level":"info","time":"2025-08-16T06:57:34.643Z","hostname":"PKKHICS01L5128","context":"userService","message":"HTTPS server started on "}
{"level":"info","time":"2025-08-16T06:57:34.643Z","hostname":"PKKHICS01L5128","context":"userService","message":"HTTPS server started on "}
{"level":"info","time":"2025-08-16T06:58:05.401Z","hostname":"PKKHICS01L5128","context":"userService","message":"HTTPS server started on "}
{"level":"info","time":"2025-08-16T06:58:05.402Z","hostname":"PKKHICS01L5128","context":"userService","message":"HTTPS server started on "}
{"level":"info","time":"2025-08-16T07:00:08.210Z","hostname":"PKKHICS01L5128","context":"userService","message":"HTTPS server started on "}
{"level":"info","time":"2025-08-16T07:00:08.211Z","hostname":"PKKHICS01L5128","context":"userService","message":"HTTPS server started on "}
{"level":"info","time":"2025-08-16T07:00:12.024Z","hostname":"PKKHICS01L5128","context":"userService","message":"HTTPS server started on "}
{"level":"info","time":"2025-08-16T07:00:12.025Z","hostname":"PKKHICS01L5128","context":"userService","message":"HTTPS server started on "}
{"level":"info","time":"2025-08-16T07:00:14.953Z","hostname":"PKKHICS01L5128","context":"userService","message":"HTTPS server started on "}
{"level":"info","time":"2025-08-16T07:00:14.953Z","hostname":"PKKHICS01L5128","context":"userService","message":"HTTPS server started on "}
{"level":"info","time":"2025-08-16T07:01:12.764Z","hostname":"PKKHICS01L5128","context":"userService","message":"HTTPS server started on "}
{"level":"info","time":"2025-08-16T07:01:12.765Z","hostname":"PKKHICS01L5128","context":"userService","message":"HTTPS server started on "}
{"level":"info","time":"2025-08-16T07:01:19.559Z","hostname":"PKKHICS01L5128","context":"userService","message":"HTTPS server started on "}
{"level":"info","time":"2025-08-16T07:01:19.560Z","hostname":"PKKHICS01L5128","context":"userService","message":"HTTPS server started on "}
{"level":"info","time":"2025-08-16T07:01:27.387Z","hostname":"PKKHICS01L5128","context":"userService","message":"HTTPS server started on "}
{"level":"info","time":"2025-08-16T07:01:27.387Z","hostname":"PKKHICS01L5128","context":"userService","message":"HTTPS server started on "}
{"level":"info","time":"2025-08-16T07:01:32.539Z","hostname":"PKKHICS01L5128","context":"userService","message":"HTTPS server started on "}
{"level":"info","time":"2025-08-16T07:01:32.540Z","hostname":"PKKHICS01L5128","context":"userService","message":"HTTPS server started on "}
{"level":"info","time":"2025-08-16T07:01:37.016Z","hostname":"PKKHICS01L5128","context":"userService","message":"HTTPS server started on "}
{"level":"info","time":"2025-08-16T07:01:37.016Z","hostname":"PKKHICS01L5128","context":"userService","message":"HTTPS server started on "}
{"level":"info","time":"2025-08-16T07:01:41.600Z","hostname":"PKKHICS01L5128","context":"userService","message":"HTTPS server started on "}
{"level":"info","time":"2025-08-16T07:01:41.601Z","hostname":"PKKHICS01L5128","context":"userService","message":"HTTPS server started on "}
{"level":"info","time":"2025-08-16T07:01:44.924Z","hostname":"PKKHICS01L5128","context":"userService","message":"HTTPS server started on "}
{"level":"info","time":"2025-08-16T07:01:44.925Z","hostname":"PKKHICS01L5128","context":"userService","message":"HTTPS server started on "}
{"level":"info","time":"2025-08-16T07:01:49.880Z","hostname":"PKKHICS01L5128","context":"userService","message":"HTTPS server started on "}
{"level":"info","time":"2025-08-16T07:01:49.880Z","hostname":"PKKHICS01L5128","context":"userService","message":"HTTPS server started on "}
{"level":"info","time":"2025-08-16T07:02:28.530Z","hostname":"PKKHICS01L5128","context":"userService","message":"HTTPS server started on "}
{"level":"info","time":"2025-08-16T07:02:28.531Z","hostname":"PKKHICS01L5128","context":"userService","message":"HTTPS server started on "}
{"level":"info","time":"2025-08-16T07:03:05.681Z","hostname":"PKKHICS01L5128","context":"userService","message":"HTTPS server started on "}
{"level":"info","time":"2025-08-16T07:03:05.682Z","hostname":"PKKHICS01L5128","context":"userService","message":"HTTPS server started on "}
{"level":"info","time":"2025-08-16T07:03:45.086Z","hostname":"PKKHICS01L5128","context":"userService","message":"HTTPS server started on "}
{"level":"info","time":"2025-08-16T07:03:45.087Z","hostname":"PKKHICS01L5128","context":"userService","message":"HTTPS server started on "}
{"level":"info","time":"2025-08-16T07:19:35.040Z","hostname":"PKKHICS01L5128","context":"userService","message":"HTTPS server started on "}
{"level":"info","time":"2025-08-16T07:19:35.041Z","hostname":"PKKHICS01L5128","context":"userService","message":"HTTPS server started on "}
{"level":"info","time":"2025-08-16T08:40:39.521Z","hostname":"PKKHICS01L5128","context":"userService","message":"HTTPS server started on "}
{"level":"info","time":"2025-08-16T08:40:39.523Z","hostname":"PKKHICS01L5128","context":"userService","message":"HTTPS server started on "}
{"level":"info","time":"2025-08-16T08:40:52.487Z","hostname":"PKKHICS01L5128","context":"userService","message":"HTTPS server started on "}
{"level":"info","time":"2025-08-16T08:40:52.489Z","hostname":"PKKHICS01L5128","context":"userService","message":"HTTPS server started on "}
{"level":"info","time":"2025-08-16T08:41:24.889Z","hostname":"PKKHICS01L5128","context":"userService","message":"HTTPS server started on "}
{"level":"info","time":"2025-08-16T08:41:24.891Z","hostname":"PKKHICS01L5128","context":"userService","message":"HTTPS server started on "}
{"level":"info","time":"2025-08-16T08:41:32.740Z","hostname":"PKKHICS01L5128","context":"userService","message":"HTTPS server started on "}
{"level":"info","time":"2025-08-16T08:41:32.741Z","hostname":"PKKHICS01L5128","context":"userService","message":"HTTPS server started on "}
{"level":"info","time":"2025-08-16T08:41:43.178Z","hostname":"PKKHICS01L5128","context":"userService","message":"HTTPS server started on "}
{"level":"info","time":"2025-08-16T08:41:43.180Z","hostname":"PKKHICS01L5128","context":"userService","message":"HTTPS server started on "}
{"level":"info","time":"2025-08-16T08:42:04.577Z","hostname":"PKKHICS01L5128","context":"userService","message":"HTTPS server started on "}
{"level":"info","time":"2025-08-16T08:42:04.579Z","hostname":"PKKHICS01L5128","context":"userService","message":"HTTPS server started on "}
{"level":"info","time":"2025-08-16T08:43:09.815Z","hostname":"PKKHICS01L5128","context":"userService","message":"HTTPS server started on "}
{"level":"info","time":"2025-08-16T08:43:09.816Z","hostname":"PKKHICS01L5128","context":"userService","message":"HTTPS server started on "}
{"level":"info","time":"2025-08-16T08:43:24.826Z","hostname":"PKKHICS01L5128","context":"userService","message":"HTTPS server started on "}
{"level":"info","time":"2025-08-16T08:43:24.828Z","hostname":"PKKHICS01L5128","context":"userService","message":"HTTPS server started on "}
{"level":"info","time":"2025-08-16T08:44:13.825Z","hostname":"PKKHICS01L5128","context":"userService","message":"HTTPS server started on "}
{"level":"info","time":"2025-08-16T08:44:13.826Z","hostname":"PKKHICS01L5128","context":"userService","message":"HTTPS server started on "}
{"level":"info","time":"2025-08-16T08:44:26.725Z","hostname":"PKKHICS01L5128","context":"userService","message":"HTTPS server started on "}
{"level":"info","time":"2025-08-16T08:44:26.730Z","hostname":"PKKHICS01L5128","context":"userService","message":"HTTPS server started on "}
{"level":"info","time":"2025-08-16T08:44:47.322Z","hostname":"PKKHICS01L5128","context":"userService","message":"HTTPS server started on "}
{"level":"info","time":"2025-08-16T08:44:47.323Z","hostname":"PKKHICS01L5128","context":"userService","message":"HTTPS server started on "}
{"level":"info","time":"2025-08-16T08:44:52.954Z","hostname":"PKKHICS01L5128","context":"userService","message":"HTTPS server started on "}
{"level":"info","time":"2025-08-16T08:44:52.956Z","hostname":"PKKHICS01L5128","context":"userService","message":"HTTPS server started on "}
{"level":"info","time":"2025-08-16T08:45:07.094Z","hostname":"PKKHICS01L5128","context":"userService","message":"HTTPS server started on "}
{"level":"info","time":"2025-08-16T08:45:07.097Z","hostname":"PKKHICS01L5128","context":"userService","message":"HTTPS server started on "}
{"level":"info","time":"2025-08-16T08:45:32.960Z","hostname":"PKKHICS01L5128","context":"userService","message":"HTTPS server started on "}
{"level":"info","time":"2025-08-16T08:45:32.962Z","hostname":"PKKHICS01L5128","context":"userService","message":"HTTPS server started on "}
{"level":"info","time":"2025-08-16T08:50:45.123Z","hostname":"PKKHICS01L5128","context":"userService","message":"HTTPS server started on "}
{"level":"info","time":"2025-08-16T08:50:45.124Z","hostname":"PKKHICS01L5128","context":"userService","message":"HTTPS server started on "}
{"level":"info","time":"2025-08-16T08:50:54.920Z","hostname":"PKKHICS01L5128","context":"userService","message":"HTTPS server started on "}
{"level":"info","time":"2025-08-16T08:50:54.922Z","hostname":"PKKHICS01L5128","context":"userService","message":"HTTPS server started on "}
{"level":"info","time":"2025-08-16T08:51:03.496Z","hostname":"PKKHICS01L5128","context":"userService","message":"HTTPS server started on "}
{"level":"info","time":"2025-08-16T08:51:03.501Z","hostname":"PKKHICS01L5128","context":"userService","message":"HTTPS server started on "}
{"level":"info","time":"2025-08-16T09:10:05.203Z","hostname":"PKKHICS01L5128","context":"userService","message":"HTTPS server started on "}
{"level":"info","time":"2025-08-16T09:10:05.205Z","hostname":"PKKHICS01L5128","context":"userService","message":"HTTPS server started on "}
{"level":"info","time":"2025-08-16T09:10:31.093Z","hostname":"PKKHICS01L5128","context":"userService","message":"HTTPS server started on "}
{"level":"info","time":"2025-08-16T09:10:31.096Z","hostname":"PKKHICS01L5128","context":"userService","message":"HTTPS server started on "}
{"level":"info","time":"2025-08-16T09:17:08.121Z","hostname":"PKKHICS01L5128","context":"userService","message":"HTTPS server started on "}
{"level":"info","time":"2025-08-16T09:17:08.123Z","hostname":"PKKHICS01L5128","context":"userService","message":"HTTPS server started on "}
{"level":"info","time":"2025-08-16T09:20:24.089Z","hostname":"PKKHICS01L5128","context":"userService","message":"HTTPS server started on "}
{"level":"info","time":"2025-08-16T09:20:24.091Z","hostname":"PKKHICS01L5128","context":"userService","message":"HTTPS server started on "}
{"level":"info","time":"2025-08-16T09:22:26.578Z","hostname":"PKKHICS01L5128","context":"userService","message":"HTTPS server started on "}
{"level":"info","time":"2025-08-16T09:22:26.581Z","hostname":"PKKHICS01L5128","context":"userService","message":"HTTPS server started on "}
{"level":"info","time":"2025-08-16T09:23:03.287Z","hostname":"PKKHICS01L5128","context":"userService","message":"HTTPS server started on "}
{"level":"info","time":"2025-08-16T09:23:03.288Z","hostname":"PKKHICS01L5128","context":"userService","message":"HTTPS server started on "}
{"level":"info","time":"2025-08-16T09:24:56.541Z","hostname":"PKKHICS01L5128","context":"userService","message":"HTTPS server started on "}
{"level":"info","time":"2025-08-16T09:24:56.543Z","hostname":"PKKHICS01L5128","context":"userService","message":"HTTPS server started on "}
{"level":"info","time":"2025-08-16T09:26:19.970Z","hostname":"PKKHICS01L5128","context":"userService","message":"HTTPS server started on "}
{"level":"info","time":"2025-08-16T09:26:19.972Z","hostname":"PKKHICS01L5128","context":"userService","message":"HTTPS server started on "}
{"level":"info","time":"2025-08-16T09:32:16.155Z","hostname":"PKKHICS01L5128","context":"userService","message":"HTTPS server started on "}
{"level":"info","time":"2025-08-16T09:32:16.156Z","hostname":"PKKHICS01L5128","context":"userService","message":"HTTPS server started on "}
{"level":"info","time":"2025-08-16T09:41:47.414Z","hostname":"PKKHICS01L5128","context":"userService","message":"HTTPS server started on "}
{"level":"info","time":"2025-08-16T09:41:47.415Z","hostname":"PKKHICS01L5128","context":"userService","message":"HTTPS server started on "}
{"level":"info","time":"2025-08-16T09:41:55.434Z","hostname":"PKKHICS01L5128","context":"userService","message":"HTTPS server started on "}
{"level":"info","time":"2025-08-16T09:41:55.435Z","hostname":"PKKHICS01L5128","context":"userService","message":"HTTPS server started on "}
{"level":"info","time":"2025-08-16T09:42:30.700Z","hostname":"PKKHICS01L5128","context":"userService","message":"HTTPS server started on "}
{"level":"info","time":"2025-08-16T09:42:30.701Z","hostname":"PKKHICS01L5128","context":"userService","message":"HTTPS server started on "}
{"level":"info","time":"2025-08-16T09:44:00.884Z","hostname":"PKKHICS01L5128","context":"userService","message":"HTTPS server started on "}
{"level":"info","time":"2025-08-16T09:44:00.885Z","hostname":"PKKHICS01L5128","context":"userService","message":"HTTPS server started on "}
{"level":"info","time":"2025-08-16T10:06:37.054Z","hostname":"PKKHICS01L5128","context":"userService","message":"HTTPS server started on "}
{"level":"info","time":"2025-08-16T10:06:37.055Z","hostname":"PKKHICS01L5128","context":"userService","message":"HTTPS server started on "}
{"level":"info","time":"2025-08-16T10:10:32.352Z","hostname":"PKKHICS01L5128","context":"userService","message":"HTTPS server started on "}
{"level":"info","time":"2025-08-16T10:10:32.353Z","hostname":"PKKHICS01L5128","context":"userService","message":"HTTPS server started on "}
{"level":"info","time":"2025-08-16T10:10:47.980Z","hostname":"PKKHICS01L5128","context":"userService","message":"HTTPS server started on "}
{"level":"info","time":"2025-08-16T10:10:47.981Z","hostname":"PKKHICS01L5128","context":"userService","message":"HTTPS server started on "}
{"level":"info","time":"2025-08-16T10:10:52.652Z","hostname":"PKKHICS01L5128","context":"userService","message":"HTTPS server started on "}
{"level":"info","time":"2025-08-16T10:10:52.652Z","hostname":"PKKHICS01L5128","context":"userService","message":"HTTPS server started on "}
{"level":"info","time":"2025-08-16T10:10:55.068Z","hostname":"PKKHICS01L5128","context":"userService","message":"HTTPS server started on "}
{"level":"info","time":"2025-08-16T10:10:55.068Z","hostname":"PKKHICS01L5128","context":"userService","message":"HTTPS server started on "}
{"level":"info","time":"2025-08-16T10:10:59.433Z","hostname":"PKKHICS01L5128","context":"userService","message":"HTTPS server started on "}
{"level":"info","time":"2025-08-16T10:10:59.434Z","hostname":"PKKHICS01L5128","context":"userService","message":"HTTPS server started on "}
{"level":"info","time":"2025-08-16T10:11:08.316Z","hostname":"PKKHICS01L5128","context":"userService","message":"HTTPS server started on "}
{"level":"info","time":"2025-08-16T10:11:08.318Z","hostname":"PKKHICS01L5128","context":"userService","message":"HTTPS server started on "}
{"level":"info","time":"2025-08-16T10:11:18.788Z","hostname":"PKKHICS01L5128","context":"userService","message":"HTTPS server started on "}
{"level":"info","time":"2025-08-16T10:11:18.789Z","hostname":"PKKHICS01L5128","context":"userService","message":"HTTPS server started on "}
{"level":"info","time":"2025-08-16T10:11:24.654Z","hostname":"PKKHICS01L5128","context":"userService","message":"HTTPS server started on "}
{"level":"info","time":"2025-08-16T10:11:24.655Z","hostname":"PKKHICS01L5128","context":"userService","message":"HTTPS server started on "}
{"level":"info","time":"2025-08-16T10:32:11.553Z","hostname":"PKKHICS01L5128","context":"userService","message":"HTTPS server started on "}
{"level":"info","time":"2025-08-16T10:32:11.553Z","hostname":"PKKHICS01L5128","context":"userService","message":"HTTPS server started on "}
{"level":"info","time":"2025-08-16T10:32:16.001Z","hostname":"PKKHICS01L5128","context":"userService","message":"HTTPS server started on "}
{"level":"info","time":"2025-08-16T10:32:16.002Z","hostname":"PKKHICS01L5128","context":"userService","message":"HTTPS server started on "}
{"level":"info","time":"2025-08-16T10:32:23.417Z","hostname":"PKKHICS01L5128","context":"userService","message":"HTTPS server started on "}
{"level":"info","time":"2025-08-16T10:32:23.418Z","hostname":"PKKHICS01L5128","context":"userService","message":"HTTPS server started on "}
{"level":"info","time":"2025-08-16T10:32:33.966Z","hostname":"PKKHICS01L5128","context":"userService","message":"HTTPS server started on "}
{"level":"info","time":"2025-08-16T10:32:33.967Z","hostname":"PKKHICS01L5128","context":"userService","message":"HTTPS server started on "}
{"level":"info","time":"2025-08-16T10:35:34.883Z","hostname":"PKKHICS01L5128","context":"userService","message":"HTTPS server started on "}
{"level":"info","time":"2025-08-16T10:35:34.884Z","hostname":"PKKHICS01L5128","context":"userService","message":"HTTPS server started on "}
{"level":"info","time":"2025-08-16T10:43:42.714Z","hostname":"PKKHICS01L5128","context":"userService","message":"HTTPS server started on "}
{"level":"info","time":"2025-08-16T10:43:42.714Z","hostname":"PKKHICS01L5128","context":"userService","message":"HTTPS server started on "}
{"level":"info","time":"2025-08-16T10:43:56.915Z","hostname":"PKKHICS01L5128","context":"userService","message":"HTTPS server started on "}
{"level":"info","time":"2025-08-16T10:43:56.916Z","hostname":"PKKHICS01L5128","context":"userService","message":"HTTPS server started on "}
{"level":"info","time":"2025-08-16T10:44:58.533Z","hostname":"PKKHICS01L5128","context":"userService","message":"HTTPS server started on "}
{"level":"info","time":"2025-08-16T10:44:58.534Z","hostname":"PKKHICS01L5128","context":"userService","message":"HTTPS server started on "}
{"level":"info","time":"2025-08-16T10:45:05.737Z","hostname":"PKKHICS01L5128","context":"userService","message":"HTTPS server started on "}
{"level":"info","time":"2025-08-16T10:45:05.737Z","hostname":"PKKHICS01L5128","context":"userService","message":"HTTPS server started on "}
{"level":"info","time":"2025-08-16T10:45:24.625Z","hostname":"PKKHICS01L5128","context":"userService","message":"HTTPS server started on "}
{"level":"info","time":"2025-08-16T10:45:24.626Z","hostname":"PKKHICS01L5128","context":"userService","message":"HTTPS server started on "}
{"level":"info","time":"2025-08-16T10:45:29.927Z","hostname":"PKKHICS01L5128","context":"userService","message":"HTTPS server started on "}
{"level":"info","time":"2025-08-16T10:45:29.928Z","hostname":"PKKHICS01L5128","context":"userService","message":"HTTPS server started on "}
{"level":"info","time":"2025-08-16T10:45:46.694Z","hostname":"PKKHICS01L5128","context":"userService","message":"HTTPS server started on "}
{"level":"info","time":"2025-08-16T10:45:46.694Z","hostname":"PKKHICS01L5128","context":"userService","message":"HTTPS server started on "}
{"level":"info","time":"2025-08-16T10:46:20.932Z","hostname":"PKKHICS01L5128","context":"userService","message":"HTTPS server started on "}
{"level":"info","time":"2025-08-16T10:46:20.932Z","hostname":"PKKHICS01L5128","context":"userService","message":"HTTPS server started on "}
{"level":"info","time":"2025-08-16T10:46:52.813Z","hostname":"PKKHICS01L5128","context":"userService","message":"HTTPS server started on "}
{"level":"info","time":"2025-08-16T10:46:52.813Z","hostname":"PKKHICS01L5128","context":"userService","message":"HTTPS server started on "}
{"level":"info","time":"2025-08-16T10:47:38.324Z","hostname":"PKKHICS01L5128","context":"userService","message":"HTTPS server started on "}
{"level":"info","time":"2025-08-16T10:47:38.325Z","hostname":"PKKHICS01L5128","context":"userService","message":"HTTPS server started on "}
{"level":"info","time":"2025-08-16T10:47:44.321Z","hostname":"PKKHICS01L5128","context":"userService","message":"HTTPS server started on "}
{"level":"info","time":"2025-08-16T10:47:44.322Z","hostname":"PKKHICS01L5128","context":"userService","message":"HTTPS server started on "}
{"level":"info","time":"2025-08-16T10:47:52.496Z","hostname":"PKKHICS01L5128","context":"userService","message":"HTTPS server started on "}
{"level":"info","time":"2025-08-16T10:47:52.498Z","hostname":"PKKHICS01L5128","context":"userService","message":"HTTPS server started on "}
{"level":"info","time":"2025-08-16T10:48:05.893Z","hostname":"PKKHICS01L5128","context":"userService","message":"HTTPS server started on "}
{"level":"info","time":"2025-08-16T10:48:05.894Z","hostname":"PKKHICS01L5128","context":"userService","message":"HTTPS server started on "}
{"level":"info","time":"2025-08-16T10:48:20.169Z","hostname":"PKKHICS01L5128","context":"userService","message":"HTTPS server started on "}
{"level":"info","time":"2025-08-16T10:48:20.170Z","hostname":"PKKHICS01L5128","context":"userService","message":"HTTPS server started on "}
{"level":"info","time":"2025-08-16T10:48:30.600Z","hostname":"PKKHICS01L5128","context":"userService","message":"HTTPS server started on "}
{"level":"info","time":"2025-08-16T10:48:30.601Z","hostname":"PKKHICS01L5128","context":"userService","message":"HTTPS server started on "}
{"level":"info","time":"2025-08-16T10:48:34.798Z","hostname":"PKKHICS01L5128","context":"userService","message":"HTTPS server started on "}
{"level":"info","time":"2025-08-16T10:48:34.799Z","hostname":"PKKHICS01L5128","context":"userService","message":"HTTPS server started on "}
{"level":"info","time":"2025-08-16T11:13:41.313Z","hostname":"PKKHICS01L5128","context":"userService","message":"HTTPS server started on "}
{"level":"info","time":"2025-08-16T11:13:41.314Z","hostname":"PKKHICS01L5128","context":"userService","message":"HTTPS server started on "}
{"level":"info","time":"2025-08-16T11:13:48.516Z","hostname":"PKKHICS01L5128","context":"userService","message":"HTTPS server started on "}
{"level":"info","time":"2025-08-16T11:13:48.517Z","hostname":"PKKHICS01L5128","context":"userService","message":"HTTPS server started on "}
{"level":"info","time":"2025-08-16T11:14:01.526Z","hostname":"PKKHICS01L5128","context":"userService","message":"HTTPS server started on "}
{"level":"info","time":"2025-08-16T11:14:01.527Z","hostname":"PKKHICS01L5128","context":"userService","message":"HTTPS server started on "}
{"level":"info","time":"2025-08-16T11:27:32.962Z","hostname":"PKKHICS01L5128","context":"userService","message":"HTTPS server started on "}
{"level":"info","time":"2025-08-16T11:27:32.963Z","hostname":"PKKHICS01L5128","context":"userService","message":"HTTPS server started on "}
{"level":"info","time":"2025-08-16T11:51:05.209Z","hostname":"PKKHICS01L5128","context":"userService","message":"HTTPS server started on "}
{"level":"info","time":"2025-08-16T11:51:05.210Z","hostname":"PKKHICS01L5128","context":"userService","message":"HTTPS server started on "}
{"level":"info","time":"2025-08-16T11:53:53.425Z","hostname":"PKKHICS01L5128","context":"userService","message":"HTTPS server started on "}
{"level":"info","time":"2025-08-16T11:53:53.425Z","hostname":"PKKHICS01L5128","context":"userService","message":"HTTPS server started on "}
{"level":"info","time":"2025-08-16T12:57:44.755Z","hostname":"PKKHICS01L5128","context":"userService","message":"HTTPS server started on "}
{"level":"info","time":"2025-08-16T12:57:44.757Z","hostname":"PKKHICS01L5128","context":"userService","message":"HTTPS server started on "}
